2000.09.20 13:55 B E:\worlddealer\admin\account\0.cfm <-- neoa /home/aravji/worlddealer/admin/account 0.cfm
2000.09.20 13:55 B E:\worlddealer\admin\account\1.cfm <-- neoa /home/aravji/worlddealer/admin/account 1.cfm
2000.09.20 13:55 B E:\worlddealer\admin\account\acccoord.cfm <-- neoa /home/aravji/worlddealer/admin/account acccoord.cfm
2000.09.20 13:56 B E:\worlddealer\admin\account\acccoord_add.cfm <-- neoa /home/aravji/worlddealer/admin/account acccoord_add.cfm
2000.09.20 13:56 B E:\worlddealer\admin\account\acccoord_add_main.cfm <-- neoa /home/aravji/worlddealer/admin/account acccoord_add_main.cfm
2000.09.20 13:56 B E:\worlddealer\admin\account\acccoord_del.cfm <-- neoa /home/aravji/worlddealer/admin/account acccoord_del.cfm
2000.09.20 13:56 B E:\worlddealer\admin\account\acccoord_del_main.cfm <-- neoa /home/aravji/worlddealer/admin/account acccoord_del_main.cfm
2000.09.20 13:56 B E:\worlddealer\admin\account\acccoord_del_save.cfm <-- neoa /home/aravji/worlddealer/admin/account acccoord_del_save.cfm
2000.09.20 13:56 B E:\worlddealer\admin\account\acccoord_edit.cfm <-- neoa /home/aravji/worlddealer/admin/account acccoord_edit.cfm
2000.09.20 13:56 B E:\worlddealer\admin\account\acccoord_edit_main.cfm <-- neoa /home/aravji/worlddealer/admin/account acccoord_edit_main.cfm
2000.09.20 13:56 B E:\worlddealer\admin\account\acccoord_edit_save.cfm <-- neoa /home/aravji/worlddealer/admin/account acccoord_edit_save.cfm
2000.09.20 13:56 B E:\worlddealer\admin\account\acccoord_main.cfm <-- neoa /home/aravji/worlddealer/admin/account acccoord_main.cfm
2000.09.20 13:56 B E:\worlddealer\admin\account\acccoord_save.cfm <-- neoa /home/aravji/worlddealer/admin/account acccoord_save.cfm
2000.09.20 13:56 B E:\worlddealer\admin\account\accexec.cfm <-- neoa /home/aravji/worlddealer/admin/account accexec.cfm
2000.09.20 13:56 B E:\worlddealer\admin\account\accexec_add.cfm <-- neoa /home/aravji/worlddealer/admin/account accexec_add.cfm
2000.09.20 13:56 B E:\worlddealer\admin\account\accexec_add_main.cfm <-- neoa /home/aravji/worlddealer/admin/account accexec_add_main.cfm
2000.09.20 13:56 B E:\worlddealer\admin\account\accexec_add_save.cfm <-- neoa /home/aravji/worlddealer/admin/account accexec_add_save.cfm
2000.09.20 13:56 B E:\worlddealer\admin\account\accexec_del.cfm <-- neoa /home/aravji/worlddealer/admin/account accexec_del.cfm
2000.09.20 13:56 B E:\worlddealer\admin\account\accexec_del_main.cfm <-- neoa /home/aravji/worlddealer/admin/account accexec_del_main.cfm
2000.09.20 13:56 B E:\worlddealer\admin\account\accexec_del_save.cfm <-- neoa /home/aravji/worlddealer/admin/account accexec_del_save.cfm
2000.09.20 13:56 B E:\worlddealer\admin\account\accexec_edit.cfm <-- neoa /home/aravji/worlddealer/admin/account accexec_edit.cfm
2000.09.20 13:56 B E:\worlddealer\admin\account\accexec_edit_main.cfm <-- neoa /home/aravji/worlddealer/admin/account accexec_edit_main.cfm
2000.09.20 13:56 B E:\worlddealer\admin\account\accexec_main.cfm <-- neoa /home/aravji/worlddealer/admin/account accexec_main.cfm
2000.09.20 13:56 B E:\worlddealer\admin\account\accexec_save.cfm <-- neoa /home/aravji/worlddealer/admin/account accexec_save.cfm
2000.09.20 13:56 B E:\worlddealer\admin\account\accexec_save_main.cfm <-- neoa /home/aravji/worlddealer/admin/account accexec_save_main.cfm
2000.09.20 13:56 B E:\worlddealer\admin\account\accstaff.cfm <-- neoa /home/aravji/worlddealer/admin/account accstaff.cfm
2000.09.20 13:56 B E:\worlddealer\admin\account\accstaff_main.cfm <-- neoa /home/aravji/worlddealer/admin/account accstaff_main.cfm
2000.09.20 13:56 B E:\worlddealer\admin\account\arttemp.cfm <-- neoa /home/aravji/worlddealer/admin/account arttemp.cfm
2000.09.20 13:56 B E:\worlddealer\admin\account\arttemp_del.cfm <-- neoa /home/aravji/worlddealer/admin/account arttemp_del.cfm
2000.09.20 13:56 B E:\worlddealer\admin\account\arttemp_del_action.cfm <-- neoa /home/aravji/worlddealer/admin/account arttemp_del_action.cfm
2000.09.20 13:56 B E:\worlddealer\admin\account\arttemp_del_main.cfm <-- neoa /home/aravji/worlddealer/admin/account arttemp_del_main.cfm
2000.09.20 13:56 B E:\worlddealer\admin\account\arttemp_edit.cfm <-- neoa /home/aravji/worlddealer/admin/account arttemp_edit.cfm
2000.09.20 13:56 B E:\worlddealer\admin\account\arttemp_edit_main.cfm <-- neoa /home/aravji/worlddealer/admin/account arttemp_edit_main.cfm
2000.09.20 13:56 B E:\worlddealer\admin\account\arttemp_main.cfm <-- neoa /home/aravji/worlddealer/admin/account arttemp_main.cfm
2000.09.20 13:56 B E:\worlddealer\admin\account\arttemp_save.cfm <-- neoa /home/aravji/worlddealer/admin/account arttemp_save.cfm
2000.09.20 13:56 B E:\worlddealer\admin\account\dealadmin.cfm <-- neoa /home/aravji/worlddealer/admin/account dealadmin.cfm
2000.09.20 13:56 B E:\worlddealer\admin\account\dealadmin_add.cfm <-- neoa /home/aravji/worlddealer/admin/account dealadmin_add.cfm
2000.09.20 13:56 B E:\worlddealer\admin\account\dealadmin_add_main.cfm <-- neoa /home/aravji/worlddealer/admin/account dealadmin_add_main.cfm
2000.09.20 13:56 B E:\worlddealer\admin\account\dealadmin_add_save.cfm <-- neoa /home/aravji/worlddealer/admin/account dealadmin_add_save.cfm
2000.09.20 13:56 B E:\worlddealer\admin\account\dealadmin_choose.cfm <-- neoa /home/aravji/worlddealer/admin/account dealadmin_choose.cfm
2000.09.20 13:56 B E:\worlddealer\admin\account\dealadmin_choose2.cfm <-- neoa /home/aravji/worlddealer/admin/account dealadmin_choose2.cfm
2000.09.20 13:56 B E:\worlddealer\admin\account\dealadmin_choose2_main.cfm <-- neoa /home/aravji/worlddealer/admin/account dealadmin_choose2_main.cfm
2000.09.20 13:56 B E:\worlddealer\admin\account\dealadmin_choose_main.cfm <-- neoa /home/aravji/worlddealer/admin/account dealadmin_choose_main.cfm
2000.09.20 13:56 B E:\worlddealer\admin\account\dealadmin_del.cfm <-- neoa /home/aravji/worlddealer/admin/account dealadmin_del.cfm
2000.09.20 13:56 B E:\worlddealer\admin\account\dealadmin_del_main.cfm <-- neoa /home/aravji/worlddealer/admin/account dealadmin_del_main.cfm
2000.09.20 13:56 B E:\worlddealer\admin\account\dealadmin_del_save.cfm <-- neoa /home/aravji/worlddealer/admin/account dealadmin_del_save.cfm
2000.09.20 13:56 B E:\worlddealer\admin\account\dealadmin_edit.cfm <-- neoa /home/aravji/worlddealer/admin/account dealadmin_edit.cfm
2000.09.20 13:56 B E:\worlddealer\admin\account\dealadmin_edit_main.cfm <-- neoa /home/aravji/worlddealer/admin/account dealadmin_edit_main.cfm
2000.09.20 13:56 B E:\worlddealer\admin\account\dealadmin_edit_save.cfm <-- neoa /home/aravji/worlddealer/admin/account dealadmin_edit_save.cfm
2000.09.20 13:56 B E:\worlddealer\admin\account\dealadmin_edit_save_main.cfm <-- neoa /home/aravji/worlddealer/admin/account dealadmin_edit_save_main.cfm
2000.09.20 13:56 B E:\worlddealer\admin\account\dealadmin_main.cfm <-- neoa /home/aravji/worlddealer/admin/account dealadmin_main.cfm
2000.09.20 13:56 B E:\worlddealer\admin\account\dealers.cfm <-- neoa /home/aravji/worlddealer/admin/account dealers.cfm
2000.09.20 13:56 B E:\worlddealer\admin\account\dealers_add.cfm <-- neoa /home/aravji/worlddealer/admin/account dealers_add.cfm
2000.09.20 13:56 B E:\worlddealer\admin\account\dealers_del.cfm <-- neoa /home/aravji/worlddealer/admin/account dealers_del.cfm
2000.09.20 13:56 B E:\worlddealer\admin\account\dealers_del_rusure.cfm <-- neoa /home/aravji/worlddealer/admin/account dealers_del_rusure.cfm
2000.09.20 13:56 B E:\worlddealer\admin\account\dealers_del_rusure_main.cfm <-- neoa /home/aravji/worlddealer/admin/account dealers_del_rusure_main.cfm
2000.09.20 13:56 B E:\worlddealer\admin\account\dealers_delete.cfm <-- neoa /home/aravji/worlddealer/admin/account dealers_delete.cfm
2000.09.20 13:56 B E:\worlddealer\admin\account\dealers_main.cfm <-- neoa /home/aravji/worlddealer/admin/account dealers_main.cfm
2000.09.20 13:56 B E:\worlddealer\admin\account\di_form_0.cfm <-- neoa /home/aravji/worlddealer/admin/account di_form_0.cfm
2000.09.20 13:56 B E:\worlddealer\admin\account\di_form_1.cfm <-- neoa /home/aravji/worlddealer/admin/account di_form_1.cfm
2000.09.20 13:56 B E:\worlddealer\admin\account\incentives.cfm <-- neoa /home/aravji/worlddealer/admin/account incentives.cfm
2000.09.20 13:56 B E:\worlddealer\admin\account\incentives_del.cfm <-- neoa /home/aravji/worlddealer/admin/account incentives_del.cfm
2000.09.20 13:56 B E:\worlddealer\admin\account\incentives_del_main.cfm <-- neoa /home/aravji/worlddealer/admin/account incentives_del_main.cfm
2000.09.20 13:56 B E:\worlddealer\admin\account\incentives_del_save.cfm <-- neoa /home/aravji/worlddealer/admin/account incentives_del_save.cfm
2000.09.20 13:56 B E:\worlddealer\admin\account\incentives_discl.cfm <-- neoa /home/aravji/worlddealer/admin/account incentives_discl.cfm
2000.09.20 13:56 B E:\worlddealer\admin\account\incentives_discl_main.cfm <-- neoa /home/aravji/worlddealer/admin/account incentives_discl_main.cfm
2000.09.20 13:56 B E:\worlddealer\admin\account\incentives_edit.cfm <-- neoa /home/aravji/worlddealer/admin/account incentives_edit.cfm
2000.09.20 13:56 B E:\worlddealer\admin\account\incentives_edit_main.cfm <-- neoa /home/aravji/worlddealer/admin/account incentives_edit_main.cfm
2000.09.20 13:56 B E:\worlddealer\admin\account\incentives_main.cfm <-- neoa /home/aravji/worlddealer/admin/account incentives_main.cfm
2000.09.20 13:56 B E:\worlddealer\admin\account\incentives_make.cfm <-- neoa /home/aravji/worlddealer/admin/account incentives_make.cfm
2000.09.20 13:56 B E:\worlddealer\admin\account\incentives_make_main.cfm <-- neoa /home/aravji/worlddealer/admin/account incentives_make_main.cfm
2000.09.20 13:56 B E:\worlddealer\admin\account\incentives_photo.cfm <-- neoa /home/aravji/worlddealer/admin/account incentives_photo.cfm
2000.09.20 13:56 B E:\worlddealer\admin\account\incentives_photo_main.cfm <-- neoa /home/aravji/worlddealer/admin/account incentives_photo_main.cfm
2000.09.20 13:56 B E:\worlddealer\admin\account\incentives_save.cfm <-- neoa /home/aravji/worlddealer/admin/account incentives_save.cfm
2000.09.20 13:56 B E:\worlddealer\admin\account\index.cfm <-- neoa /home/aravji/worlddealer/admin/account index.cfm
2000.09.20 13:56 B E:\worlddealer\admin\account\index_main.cfm <-- neoa /home/aravji/worlddealer/admin/account index_main.cfm
2000.09.20 13:56 B E:\worlddealer\admin\account\leftnav.cfm <-- neoa /home/aravji/worlddealer/admin/account leftnav.cfm
2000.09.20 13:56 B E:\worlddealer\admin\account\makemodel.cfm <-- neoa /home/aravji/worlddealer/admin/account makemodel.cfm
2000.09.20 13:56 B E:\worlddealer\admin\account\makemodel_del.cfm <-- neoa /home/aravji/worlddealer/admin/account makemodel_del.cfm
2000.09.20 13:56 B E:\worlddealer\admin\account\makemodel_del_action.cfm <-- neoa /home/aravji/worlddealer/admin/account makemodel_del_action.cfm
2000.09.20 13:56 B E:\worlddealer\admin\account\makemodel_del_main.cfm <-- neoa /home/aravji/worlddealer/admin/account makemodel_del_main.cfm
2000.09.20 13:56 B E:\worlddealer\admin\account\makemodel_edit.cfm <-- neoa /home/aravji/worlddealer/admin/account makemodel_edit.cfm
2000.09.20 13:56 B E:\worlddealer\admin\account\makemodel_edit_main.cfm <-- neoa /home/aravji/worlddealer/admin/account makemodel_edit_main.cfm
2000.09.20 13:56 B E:\worlddealer\admin\account\makemodel_main.cfm <-- neoa /home/aravji/worlddealer/admin/account makemodel_main.cfm
2000.09.20 13:56 B E:\worlddealer\admin\account\makemodel_model.cfm <-- neoa /home/aravji/worlddealer/admin/account makemodel_model.cfm
2000.09.20 13:56 B E:\worlddealer\admin\account\makemodel_model_del.cfm <-- neoa /home/aravji/worlddealer/admin/account makemodel_model_del.cfm
2000.09.20 13:56 B E:\worlddealer\admin\account\makemodel_model_del_action.cfm <-- neoa /home/aravji/worlddealer/admin/account makemodel_model_del_action.cfm
2000.09.20 13:56 B E:\worlddealer\admin\account\makemodel_model_del_main.cfm <-- neoa /home/aravji/worlddealer/admin/account makemodel_model_del_main.cfm
2000.09.20 13:56 B E:\worlddealer\admin\account\makemodel_model_edit.cfm <-- neoa /home/aravji/worlddealer/admin/account makemodel_model_edit.cfm
2000.09.20 13:56 B E:\worlddealer\admin\account\makemodel_model_edit_main.cfm <-- neoa /home/aravji/worlddealer/admin/account makemodel_model_edit_main.cfm
2000.09.20 13:56 B E:\worlddealer\admin\account\makemodel_model_main.cfm <-- neoa /home/aravji/worlddealer/admin/account makemodel_model_main.cfm
2000.09.20 13:56 B E:\worlddealer\admin\account\nationalofferregion_add.cfm <-- neoa /home/aravji/worlddealer/admin/account nationalofferregion_add.cfm
2000.09.20 13:56 B E:\worlddealer\admin\account\nationalofferregion_add_main.cfm <-- neoa /home/aravji/worlddealer/admin/account nationalofferregion_add_main.cfm
2000.09.20 13:56 B E:\worlddealer\admin\account\nationalofferregion_add_save.cfm <-- neoa /home/aravji/worlddealer/admin/account nationalofferregion_add_save.cfm
2000.09.20 13:56 B E:\worlddealer\admin\account\nationalofferregion_del.cfm <-- neoa /home/aravji/worlddealer/admin/account nationalofferregion_del.cfm
2000.09.20 13:56 B E:\worlddealer\admin\account\nationalofferregion_del_main.cfm <-- neoa /home/aravji/worlddealer/admin/account nationalofferregion_del_main.cfm
2000.09.20 13:56 B E:\worlddealer\admin\account\nationalofferregion_del_save.cfm <-- neoa /home/aravji/worlddealer/admin/account nationalofferregion_del_save.cfm
2000.09.20 13:56 B E:\worlddealer\admin\account\nationalofferregion_edit.cfm <-- neoa /home/aravji/worlddealer/admin/account nationalofferregion_edit.cfm
2000.09.20 13:56 B E:\worlddealer\admin\account\nationalofferregion_edit_main.cfm <-- neoa /home/aravji/worlddealer/admin/account nationalofferregion_edit_main.cfm
2000.09.20 13:56 B E:\worlddealer\admin\account\nationalofferregion_save.cfm <-- neoa /home/aravji/worlddealer/admin/account nationalofferregion_save.cfm
2000.09.20 13:56 B E:\worlddealer\admin\account\nationaloffers.cfm <-- neoa /home/aravji/worlddealer/admin/account nationaloffers.cfm
2000.09.20 13:56 B E:\worlddealer\admin\account\nationaloffers_add.cfm <-- neoa /home/aravji/worlddealer/admin/account nationaloffers_add.cfm
2000.09.20 13:56 B E:\worlddealer\admin\account\nationaloffers_main.cfm <-- neoa /home/aravji/worlddealer/admin/account nationaloffers_main.cfm
2000.09.20 13:56 B E:\worlddealer\admin\account\nationaloffersregion_add_main.cfm <-- neoa /home/aravji/worlddealer/admin/account nationaloffersregion_add_main.cfm
2000.09.20 13:56 B E:\worlddealer\admin\account\preownmodels.cfm <-- neoa /home/aravji/worlddealer/admin/account preownmodels.cfm
2000.09.20 13:56 B E:\worlddealer\admin\account\preownmodels_del.cfm <-- neoa /home/aravji/worlddealer/admin/account preownmodels_del.cfm
2000.09.20 13:56 B E:\worlddealer\admin\account\preownmodels_del_action.cfm <-- neoa /home/aravji/worlddealer/admin/account preownmodels_del_action.cfm
2000.09.20 13:56 B E:\worlddealer\admin\account\preownmodels_del_main.cfm <-- neoa /home/aravji/worlddealer/admin/account preownmodels_del_main.cfm
2000.09.20 13:56 B E:\worlddealer\admin\account\preownmodels_delete.cfm <-- neoa /home/aravji/worlddealer/admin/account preownmodels_delete.cfm
2000.09.20 13:56 B E:\worlddealer\admin\account\preownmodels_edit.cfm <-- neoa /home/aravji/worlddealer/admin/account preownmodels_edit.cfm
2000.09.20 13:56 B E:\worlddealer\admin\account\preownmodels_edit_main.cfm <-- neoa /home/aravji/worlddealer/admin/account preownmodels_edit_main.cfm
2000.09.20 13:56 B E:\worlddealer\admin\account\preownmodels_main.cfm <-- neoa /home/aravji/worlddealer/admin/account preownmodels_main.cfm
2000.09.20 13:56 B E:\worlddealer\admin\account\preownmodels_model.cfm <-- neoa /home/aravji/worlddealer/admin/account preownmodels_model.cfm
2000.09.20 13:56 B E:\worlddealer\admin\account\preownmodels_model_del.cfm <-- neoa /home/aravji/worlddealer/admin/account preownmodels_model_del.cfm
2000.09.20 13:56 B E:\worlddealer\admin\account\preownmodels_model_del_action.cfm <-- neoa /home/aravji/worlddealer/admin/account preownmodels_model_del_action.cfm
2000.09.20 13:56 B E:\worlddealer\admin\account\preownmodels_model_del_main.cfm <-- neoa /home/aravji/worlddealer/admin/account preownmodels_model_del_main.cfm
2000.09.20 13:56 B E:\worlddealer\admin\account\preownmodels_model_edit.cfm <-- neoa /home/aravji/worlddealer/admin/account preownmodels_model_edit.cfm
2000.09.20 13:56 B E:\worlddealer\admin\account\preownmodels_model_edit_main.cfm <-- neoa /home/aravji/worlddealer/admin/account preownmodels_model_edit_main.cfm
2000.09.20 13:56 B E:\worlddealer\admin\account\preownmodels_model_main.cfm <-- neoa /home/aravji/worlddealer/admin/account preownmodels_model_main.cfm
2000.09.20 13:56 B E:\worlddealer\admin\account\titlebar.cfm <-- neoa /home/aravji/worlddealer/admin/account titlebar.cfm
