2000.09.20 14:39 B E:\worlddealer\templates\admin\guide\images\10.gif <-- neoa /home/aravji/worlddealer/templates/admin/guide/images 10.gif
2000.09.20 14:39 B E:\worlddealer\templates\admin\guide\images\11.gif <-- neoa /home/aravji/worlddealer/templates/admin/guide/images 11.gif
2000.09.20 14:39 B E:\worlddealer\templates\admin\guide\images\12.gif <-- neoa /home/aravji/worlddealer/templates/admin/guide/images 12.gif
2000.09.20 14:39 B E:\worlddealer\templates\admin\guide\images\6b.gif <-- neoa /home/aravji/worlddealer/templates/admin/guide/images 6b.gif
2000.09.20 14:39 B E:\worlddealer\templates\admin\guide\images\9.gif <-- neoa /home/aravji/worlddealer/templates/admin/guide/images 9.gif
2000.09.20 14:39 B E:\worlddealer\templates\admin\guide\images\9.htm <-- neoa /home/aravji/worlddealer/templates/admin/guide/images 9.htm
2000.09.20 14:39 B E:\worlddealer\templates\admin\guide\images\bottombar.JPG <-- neoa /home/aravji/worlddealer/templates/admin/guide/images bottombar.JPG
2000.09.20 14:39 B E:\worlddealer\templates\admin\guide\images\calculator.gif <-- neoa /home/aravji/worlddealer/templates/admin/guide/images calculator.gif
2000.09.20 14:39 B E:\worlddealer\templates\admin\guide\images\calculator.JPG <-- neoa /home/aravji/worlddealer/templates/admin/guide/images calculator.JPG
2000.09.20 14:39 B E:\worlddealer\templates\admin\guide\images\carcut.JPG <-- neoa /home/aravji/worlddealer/templates/admin/guide/images carcut.JPG
2000.09.20 14:39 B E:\worlddealer\templates\admin\guide\images\changetime.gif <-- neoa /home/aravji/worlddealer/templates/admin/guide/images changetime.gif
2000.09.20 14:39 B E:\worlddealer\templates\admin\guide\images\changetime.JPG <-- neoa /home/aravji/worlddealer/templates/admin/guide/images changetime.JPG
2000.09.20 14:39 B E:\worlddealer\templates\admin\guide\images\dealercode.gif <-- neoa /home/aravji/worlddealer/templates/admin/guide/images dealercode.gif
2000.09.20 14:39 B E:\worlddealer\templates\admin\guide\images\dealercode.JPG <-- neoa /home/aravji/worlddealer/templates/admin/guide/images dealercode.JPG
2000.09.20 14:39 B E:\worlddealer\templates\admin\guide\images\dealprofile.gif <-- neoa /home/aravji/worlddealer/templates/admin/guide/images dealprofile.gif
2000.09.20 14:39 B E:\worlddealer\templates\admin\guide\images\dealprofile.JPG <-- neoa /home/aravji/worlddealer/templates/admin/guide/images dealprofile.JPG
2000.09.20 14:39 B E:\worlddealer\templates\admin\guide\images\domainname.gif <-- neoa /home/aravji/worlddealer/templates/admin/guide/images domainname.gif
2000.09.20 14:39 B E:\worlddealer\templates\admin\guide\images\domainname.JPG <-- neoa /home/aravji/worlddealer/templates/admin/guide/images domainname.JPG
2000.09.20 14:39 B E:\worlddealer\templates\admin\guide\images\format.gif <-- neoa /home/aravji/worlddealer/templates/admin/guide/images format.gif
2000.09.20 14:39 B E:\worlddealer\templates\admin\guide\images\format.JPG <-- neoa /home/aravji/worlddealer/templates/admin/guide/images format.JPG
2000.09.20 14:39 B E:\worlddealer\templates\admin\guide\images\listdealers.gif <-- neoa /home/aravji/worlddealer/templates/admin/guide/images listdealers.gif
2000.09.20 14:39 B E:\worlddealer\templates\admin\guide\images\listdealers.JPG <-- neoa /home/aravji/worlddealer/templates/admin/guide/images listdealers.JPG
2000.09.20 14:39 B E:\worlddealer\templates\admin\guide\images\mainhelp copy.JPG <-- neoa /home/aravji/worlddealer/templates/admin/guide/images mainhelp copy.JPG
2000.09.20 14:39 B E:\worlddealer\templates\admin\guide\images\mdwshot.gif <-- neoa /home/aravji/worlddealer/templates/admin/guide/images mdwshot.gif
2000.09.20 14:39 B E:\worlddealer\templates\admin\guide\images\mdwshot.JPG <-- neoa /home/aravji/worlddealer/templates/admin/guide/images mdwshot.JPG
2000.09.20 14:39 B E:\worlddealer\templates\admin\guide\images\selecttemp.gif <-- neoa /home/aravji/worlddealer/templates/admin/guide/images selecttemp.gif
2000.09.20 14:39 B E:\worlddealer\templates\admin\guide\images\selecttemp.JPG <-- neoa /home/aravji/worlddealer/templates/admin/guide/images selecttemp.JPG
2000.09.20 14:39 B E:\worlddealer\templates\admin\guide\images\timeschange.gif <-- neoa /home/aravji/worlddealer/templates/admin/guide/images timeschange.gif
2000.09.20 14:39 B E:\worlddealer\templates\admin\guide\images\timeschange.JPG <-- neoa /home/aravji/worlddealer/templates/admin/guide/images timeschange.JPG
2000.09.20 14:39 B E:\worlddealer\templates\admin\guide\images\topbar.JPG <-- neoa /home/aravji/worlddealer/templates/admin/guide/images topbar.JPG
2000.09.20 14:39 B E:\worlddealer\templates\admin\guide\images\whydiff.gif <-- neoa /home/aravji/worlddealer/templates/admin/guide/images whydiff.gif
2000.09.20 14:39 B E:\worlddealer\templates\admin\guide\images\whydiff.JPG <-- neoa /home/aravji/worlddealer/templates/admin/guide/images whydiff.JPG
