2000.09.20 13:57 B E:\worlddealer\admin\mysite\banners.cfm <-- neoa /home/aravji/worlddealer/admin/mysite banners.cfm
2000.09.20 13:57 B E:\worlddealer\admin\mysite\banners_action.cfm <-- neoa /home/aravji/worlddealer/admin/mysite banners_action.cfm
2000.09.20 13:57 B E:\worlddealer\admin\mysite\banners_action_main.cfm <-- neoa /home/aravji/worlddealer/admin/mysite banners_action_main.cfm
2000.09.20 13:57 B E:\worlddealer\admin\mysite\banners_add_save.cfm <-- neoa /home/aravji/worlddealer/admin/mysite banners_add_save.cfm
2000.09.20 13:57 B E:\worlddealer\admin\mysite\banners_confirm.cfm <-- neoa /home/aravji/worlddealer/admin/mysite banners_confirm.cfm
2000.09.20 13:57 B E:\worlddealer\admin\mysite\banners_confirm_main.cfm <-- neoa /home/aravji/worlddealer/admin/mysite banners_confirm_main.cfm
2000.09.20 13:57 B E:\worlddealer\admin\mysite\banners_delete.cfm <-- neoa /home/aravji/worlddealer/admin/mysite banners_delete.cfm
2000.09.20 13:57 B E:\worlddealer\admin\mysite\banners_main.cfm <-- neoa /home/aravji/worlddealer/admin/mysite banners_main.cfm
2000.09.20 13:57 B E:\worlddealer\admin\mysite\banners_redirect.cfm <-- neoa /home/aravji/worlddealer/admin/mysite banners_redirect.cfm
2000.09.20 13:57 B E:\worlddealer\admin\mysite\banners_save.cfm <-- neoa /home/aravji/worlddealer/admin/mysite banners_save.cfm
2000.09.20 13:57 B E:\worlddealer\admin\mysite\calc.cfm <-- neoa /home/aravji/worlddealer/admin/mysite calc.cfm
2000.09.20 13:57 B E:\worlddealer\admin\mysite\calc_main.cfm <-- neoa /home/aravji/worlddealer/admin/mysite calc_main.cfm
2000.09.20 13:57 B E:\worlddealer\admin\mysite\calc_save.cfm <-- neoa /home/aravji/worlddealer/admin/mysite calc_save.cfm
2000.09.20 13:57 B E:\worlddealer\admin\mysite\coupons.cfm <-- neoa /home/aravji/worlddealer/admin/mysite coupons.cfm
2000.09.20 13:57 B E:\worlddealer\admin\mysite\coupons_action.cfm <-- neoa /home/aravji/worlddealer/admin/mysite coupons_action.cfm
2000.09.20 13:57 B E:\worlddealer\admin\mysite\coupons_action_main.cfm <-- neoa /home/aravji/worlddealer/admin/mysite coupons_action_main.cfm
2000.09.20 13:57 B E:\worlddealer\admin\mysite\coupons_add_save_inprogress.cfm <-- neoa /home/aravji/worlddealer/admin/mysite coupons_add_save_inprogress.cfm
2000.09.20 13:57 B E:\worlddealer\admin\mysite\coupons_confirm.cfm <-- neoa /home/aravji/worlddealer/admin/mysite coupons_confirm.cfm
2000.09.20 13:57 B E:\worlddealer\admin\mysite\coupons_confirm_main.cfm <-- neoa /home/aravji/worlddealer/admin/mysite coupons_confirm_main.cfm
2000.09.20 13:57 B E:\worlddealer\admin\mysite\coupons_confirm_main_inprogress.cfm <-- neoa /home/aravji/worlddealer/admin/mysite coupons_confirm_main_inprogress.cfm
2000.09.20 13:57 B E:\worlddealer\admin\mysite\coupons_delete.cfm <-- neoa /home/aravji/worlddealer/admin/mysite coupons_delete.cfm
2000.09.20 13:57 B E:\worlddealer\admin\mysite\coupons_main.cfm <-- neoa /home/aravji/worlddealer/admin/mysite coupons_main.cfm
2000.09.20 13:57 B E:\worlddealer\admin\mysite\coupons_redirect.cfm <-- neoa /home/aravji/worlddealer/admin/mysite coupons_redirect.cfm
2000.09.20 13:57 B E:\worlddealer\admin\mysite\coupons_redirect_inprogress.cfm <-- neoa /home/aravji/worlddealer/admin/mysite coupons_redirect_inprogress.cfm
2000.09.20 13:57 B E:\worlddealer\admin\mysite\coupons_save.cfm <-- neoa /home/aravji/worlddealer/admin/mysite coupons_save.cfm
2000.09.20 13:57 B E:\worlddealer\admin\mysite\coupons_save_inprogress.cfm <-- neoa /home/aravji/worlddealer/admin/mysite coupons_save_inprogress.cfm
2000.09.20 13:57 B E:\worlddealer\admin\mysite\dealer_select.cfm <-- neoa /home/aravji/worlddealer/admin/mysite dealer_select.cfm
2000.09.20 13:57 B E:\worlddealer\admin\mysite\dealer_select_action.cfm <-- neoa /home/aravji/worlddealer/admin/mysite dealer_select_action.cfm
2000.09.20 13:57 B E:\worlddealer\admin\mysite\design.cfm <-- neoa /home/aravji/worlddealer/admin/mysite design.cfm
2000.09.20 13:57 B E:\worlddealer\admin\mysite\design_logos.cfm <-- neoa /home/aravji/worlddealer/admin/mysite design_logos.cfm
2000.09.20 13:57 B E:\worlddealer\admin\mysite\design_main.cfm <-- neoa /home/aravji/worlddealer/admin/mysite design_main.cfm
2000.09.20 13:57 B E:\worlddealer\admin\mysite\design_save.cfm <-- neoa /home/aravji/worlddealer/admin/mysite design_save.cfm
2000.09.20 13:57 B E:\worlddealer\admin\mysite\design_thumb.cfm <-- neoa /home/aravji/worlddealer/admin/mysite design_thumb.cfm
2000.09.20 13:57 B E:\worlddealer\admin\mysite\domain-template.htm <-- neoa /home/aravji/worlddealer/admin/mysite domain-template.htm
2000.09.20 13:57 B E:\worlddealer\admin\mysite\financing.cfm <-- neoa /home/aravji/worlddealer/admin/mysite financing.cfm
2000.09.20 13:57 B E:\worlddealer\admin\mysite\financing_main.cfm <-- neoa /home/aravji/worlddealer/admin/mysite financing_main.cfm
2000.09.20 13:57 B E:\worlddealer\admin\mysite\financing_main_save.cfm <-- neoa /home/aravji/worlddealer/admin/mysite financing_main_save.cfm
2000.09.20 13:57 B E:\worlddealer\admin\mysite\genexe.cfm <-- neoa /home/aravji/worlddealer/admin/mysite genexe.cfm
2000.09.20 13:57 B E:\worlddealer\admin\mysite\genexe_redirect.cfm <-- neoa /home/aravji/worlddealer/admin/mysite genexe_redirect.cfm
2000.09.20 13:57 B E:\worlddealer\admin\mysite\genmap.cfm <-- neoa /home/aravji/worlddealer/admin/mysite genmap.cfm
2000.09.20 13:57 B E:\worlddealer\admin\mysite\genmap_redirect.cfm <-- neoa /home/aravji/worlddealer/admin/mysite genmap_redirect.cfm
2000.09.20 13:57 B E:\worlddealer\admin\mysite\goodmap.cfm <-- neoa /home/aravji/worlddealer/admin/mysite goodmap.cfm
2000.09.20 13:57 B E:\worlddealer\admin\mysite\hours_default.cfm <-- neoa /home/aravji/worlddealer/admin/mysite hours_default.cfm
2000.09.20 13:57 B E:\worlddealer\admin\mysite\index.cfm <-- neoa /home/aravji/worlddealer/admin/mysite index.cfm
2000.09.20 13:57 B E:\worlddealer\admin\mysite\index_main.cfm <-- neoa /home/aravji/worlddealer/admin/mysite index_main.cfm
2000.09.20 13:57 B E:\worlddealer\admin\mysite\leftnav.cfm <-- neoa /home/aravji/worlddealer/admin/mysite leftnav.cfm
2000.09.20 13:57 B E:\worlddealer\admin\mysite\locator.cfm <-- neoa /home/aravji/worlddealer/admin/mysite locator.cfm
2000.09.20 13:57 B E:\worlddealer\admin\mysite\locator_main.cfm <-- neoa /home/aravji/worlddealer/admin/mysite locator_main.cfm
2000.09.20 13:57 B E:\worlddealer\admin\mysite\locator_main_save.cfm <-- neoa /home/aravji/worlddealer/admin/mysite locator_main_save.cfm
2000.09.20 13:57 B E:\worlddealer\admin\mysite\map.cfm <-- neoa /home/aravji/worlddealer/admin/mysite map.cfm
2000.09.20 13:57 B E:\worlddealer\admin\mysite\map_gen.cfm <-- neoa /home/aravji/worlddealer/admin/mysite map_gen.cfm
2000.09.20 13:57 B E:\worlddealer\admin\mysite\map_main.cfm <-- neoa /home/aravji/worlddealer/admin/mysite map_main.cfm
2000.09.20 13:57 B E:\worlddealer\admin\mysite\maperror.cfm <-- neoa /home/aravji/worlddealer/admin/mysite maperror.cfm
2000.09.20 13:57 B E:\worlddealer\admin\mysite\myinfo.cfm <-- neoa /home/aravji/worlddealer/admin/mysite myinfo.cfm
2000.09.20 13:57 B E:\worlddealer\admin\mysite\myinfo_brands.cfm <-- neoa /home/aravji/worlddealer/admin/mysite myinfo_brands.cfm
2000.09.20 13:57 B E:\worlddealer\admin\mysite\myinfo_brands_main.cfm <-- neoa /home/aravji/worlddealer/admin/mysite myinfo_brands_main.cfm
2000.09.20 13:57 B E:\worlddealer\admin\mysite\myinfo_brands_save.cfm <-- neoa /home/aravji/worlddealer/admin/mysite myinfo_brands_save.cfm
2000.09.20 13:57 B E:\worlddealer\admin\mysite\myinfo_main.cfm <-- neoa /home/aravji/worlddealer/admin/mysite myinfo_main.cfm
2000.09.20 13:57 B E:\worlddealer\admin\mysite\myinfo_save.cfm <-- neoa /home/aravji/worlddealer/admin/mysite myinfo_save.cfm
2000.09.20 13:57 B E:\worlddealer\admin\mysite\myinfo_unavail.cfm <-- neoa /home/aravji/worlddealer/admin/mysite myinfo_unavail.cfm
2000.09.20 13:57 B E:\worlddealer\admin\mysite\myinfo_unavail_main.cfm <-- neoa /home/aravji/worlddealer/admin/mysite myinfo_unavail_main.cfm
2000.09.20 13:57 B E:\worlddealer\admin\mysite\myinfo_url.cfm <-- neoa /home/aravji/worlddealer/admin/mysite myinfo_url.cfm
2000.09.20 13:57 B E:\worlddealer\admin\mysite\myinfo_url_main.cfm <-- neoa /home/aravji/worlddealer/admin/mysite myinfo_url_main.cfm
2000.09.20 13:57 B E:\worlddealer\admin\mysite\myinfo_url_redirect.cfm <-- neoa /home/aravji/worlddealer/admin/mysite myinfo_url_redirect.cfm
2000.09.20 13:57 B E:\worlddealer\admin\mysite\myinfo_url_save.cfm <-- neoa /home/aravji/worlddealer/admin/mysite myinfo_url_save.cfm
2000.09.20 13:57 B E:\worlddealer\admin\mysite\myinfo_url_save_main.cfm <-- neoa /home/aravji/worlddealer/admin/mysite myinfo_url_save_main.cfm
2000.09.20 13:57 B E:\worlddealer\admin\mysite\preowned.cfm <-- neoa /home/aravji/worlddealer/admin/mysite preowned.cfm
2000.09.20 13:57 B E:\worlddealer\admin\mysite\preowned_hours_def.cfm <-- neoa /home/aravji/worlddealer/admin/mysite preowned_hours_def.cfm
2000.09.20 13:57 B E:\worlddealer\admin\mysite\preowned_inv.cfm <-- neoa /home/aravji/worlddealer/admin/mysite preowned_inv.cfm
2000.09.20 13:57 B E:\worlddealer\admin\mysite\preowned_inv_del.cfm <-- neoa /home/aravji/worlddealer/admin/mysite preowned_inv_del.cfm
2000.09.20 13:57 B E:\worlddealer\admin\mysite\preowned_inv_del_rusure.cfm <-- neoa /home/aravji/worlddealer/admin/mysite preowned_inv_del_rusure.cfm
2000.09.20 13:57 B E:\worlddealer\admin\mysite\preowned_inv_del_rusure_main.cfm <-- neoa /home/aravji/worlddealer/admin/mysite preowned_inv_del_rusure_main.cfm
2000.09.20 13:57 B E:\worlddealer\admin\mysite\preowned_inv_edit.cfm <-- neoa /home/aravji/worlddealer/admin/mysite preowned_inv_edit.cfm
2000.09.20 13:57 B E:\worlddealer\admin\mysite\preowned_inv_edit_main.cfm <-- neoa /home/aravji/worlddealer/admin/mysite preowned_inv_edit_main.cfm
2000.09.20 13:57 B E:\worlddealer\admin\mysite\preowned_inv_main.cfm <-- neoa /home/aravji/worlddealer/admin/mysite preowned_inv_main.cfm
2000.09.20 13:57 B E:\worlddealer\admin\mysite\preowned_inv_multdel.cfm <-- neoa /home/aravji/worlddealer/admin/mysite preowned_inv_multdel.cfm
2000.09.20 13:57 B E:\worlddealer\admin\mysite\preowned_inv_multdel_main.cfm <-- neoa /home/aravji/worlddealer/admin/mysite preowned_inv_multdel_main.cfm
2000.09.20 13:57 B E:\worlddealer\admin\mysite\preowned_inv_multdel_rusure.cfm <-- neoa /home/aravji/worlddealer/admin/mysite preowned_inv_multdel_rusure.cfm
2000.09.20 13:57 B E:\worlddealer\admin\mysite\preowned_inv_multdel_rusure_main.cfm <-- neoa /home/aravji/worlddealer/admin/mysite preowned_inv_multdel_rusure_main.cfm
2000.09.20 13:57 B E:\worlddealer\admin\mysite\preowned_inv_multi_del.cfm <-- neoa /home/aravji/worlddealer/admin/mysite preowned_inv_multi_del.cfm
2000.09.20 13:57 B E:\worlddealer\admin\mysite\preowned_inv_photo.cfm <-- neoa /home/aravji/worlddealer/admin/mysite preowned_inv_photo.cfm
2000.09.20 13:57 B E:\worlddealer\admin\mysite\preowned_inv_photo_main.cfm <-- neoa /home/aravji/worlddealer/admin/mysite preowned_inv_photo_main.cfm
2000.09.20 13:57 B E:\worlddealer\admin\mysite\preowned_inv_photo_rusure.cfm <-- neoa /home/aravji/worlddealer/admin/mysite preowned_inv_photo_rusure.cfm
2000.09.20 13:57 B E:\worlddealer\admin\mysite\preowned_inv_photo_rusure_main.cfm <-- neoa /home/aravji/worlddealer/admin/mysite preowned_inv_photo_rusure_main.cfm
2000.09.20 13:57 B E:\worlddealer\admin\mysite\preowned_inv_save.cfm <-- neoa /home/aravji/worlddealer/admin/mysite preowned_inv_save.cfm
2000.09.20 13:57 B E:\worlddealer\admin\mysite\preowned_main.cfm <-- neoa /home/aravji/worlddealer/admin/mysite preowned_main.cfm
2000.09.20 13:57 B E:\worlddealer\admin\mysite\preowned_save.cfm <-- neoa /home/aravji/worlddealer/admin/mysite preowned_save.cfm
2000.09.20 13:57 B E:\worlddealer\admin\mysite\profile.cfm <-- neoa /home/aravji/worlddealer/admin/mysite profile.cfm
2000.09.20 13:57 B E:\worlddealer\admin\mysite\profile_main.cfm <-- neoa /home/aravji/worlddealer/admin/mysite profile_main.cfm
2000.09.20 13:57 B E:\worlddealer\admin\mysite\profile_main_save.cfm <-- neoa /home/aravji/worlddealer/admin/mysite profile_main_save.cfm
2000.09.20 13:57 B E:\worlddealer\admin\mysite\quote.cfm <-- neoa /home/aravji/worlddealer/admin/mysite quote.cfm
2000.09.20 13:57 B E:\worlddealer\admin\mysite\quote_main.cfm <-- neoa /home/aravji/worlddealer/admin/mysite quote_main.cfm
2000.09.20 13:57 B E:\worlddealer\admin\mysite\quote_save.cfm <-- neoa /home/aravji/worlddealer/admin/mysite quote_save.cfm
2000.09.20 13:57 B E:\worlddealer\admin\mysite\select_dealer.cfm <-- neoa /home/aravji/worlddealer/admin/mysite select_dealer.cfm
2000.09.20 13:57 B E:\worlddealer\admin\mysite\select_dealer_main.cfm <-- neoa /home/aravji/worlddealer/admin/mysite select_dealer_main.cfm
2000.09.20 13:58 B E:\worlddealer\admin\mysite\service.cfm <-- neoa /home/aravji/worlddealer/admin/mysite service.cfm
2000.09.20 13:58 B E:\worlddealer\admin\mysite\service_hours_def.cfm <-- neoa /home/aravji/worlddealer/admin/mysite service_hours_def.cfm
2000.09.20 13:58 B E:\worlddealer\admin\mysite\service_main.cfm <-- neoa /home/aravji/worlddealer/admin/mysite service_main.cfm
2000.09.20 13:58 B E:\worlddealer\admin\mysite\service_main_save.cfm <-- neoa /home/aravji/worlddealer/admin/mysite service_main_save.cfm
2000.09.20 13:58 B E:\worlddealer\admin\mysite\showroom.cfm <-- neoa /home/aravji/worlddealer/admin/mysite showroom.cfm
2000.09.20 13:58 B E:\worlddealer\admin\mysite\showroom_hours_def.cfm <-- neoa /home/aravji/worlddealer/admin/mysite showroom_hours_def.cfm
2000.09.20 13:58 B E:\worlddealer\admin\mysite\showroom_incent.cfm <-- neoa /home/aravji/worlddealer/admin/mysite showroom_incent.cfm
2000.09.20 13:58 B E:\worlddealer\admin\mysite\showroom_incent_add_natreg.cfm <-- neoa /home/aravji/worlddealer/admin/mysite showroom_incent_add_natreg.cfm
2000.09.20 13:58 B E:\worlddealer\admin\mysite\showroom_incent_add_natreg_main.cfm <-- neoa /home/aravji/worlddealer/admin/mysite showroom_incent_add_natreg_main.cfm
2000.09.20 13:58 B E:\worlddealer\admin\mysite\showroom_incent_add_natreg_save.cfm <-- neoa /home/aravji/worlddealer/admin/mysite showroom_incent_add_natreg_save.cfm
2000.09.20 13:58 B E:\worlddealer\admin\mysite\showroom_incent_del.cfm <-- neoa /home/aravji/worlddealer/admin/mysite showroom_incent_del.cfm
2000.09.20 13:58 B E:\worlddealer\admin\mysite\showroom_incent_del_rusure.cfm <-- neoa /home/aravji/worlddealer/admin/mysite showroom_incent_del_rusure.cfm
2000.09.20 13:58 B E:\worlddealer\admin\mysite\showroom_incent_del_rusure_main.cfm <-- neoa /home/aravji/worlddealer/admin/mysite showroom_incent_del_rusure_main.cfm
2000.09.20 13:58 B E:\worlddealer\admin\mysite\showroom_incent_discl.cfm <-- neoa /home/aravji/worlddealer/admin/mysite showroom_incent_discl.cfm
2000.09.20 13:58 B E:\worlddealer\admin\mysite\showroom_incent_discl_main.cfm <-- neoa /home/aravji/worlddealer/admin/mysite showroom_incent_discl_main.cfm
2000.09.20 13:58 B E:\worlddealer\admin\mysite\showroom_incent_edit.cfm <-- neoa /home/aravji/worlddealer/admin/mysite showroom_incent_edit.cfm
2000.09.20 13:58 B E:\worlddealer\admin\mysite\showroom_incent_edit_main.cfm <-- neoa /home/aravji/worlddealer/admin/mysite showroom_incent_edit_main.cfm
2000.09.20 13:58 B E:\worlddealer\admin\mysite\showroom_incent_main.cfm <-- neoa /home/aravji/worlddealer/admin/mysite showroom_incent_main.cfm
2000.09.20 13:58 B E:\worlddealer\admin\mysite\showroom_incent_photo.cfm <-- neoa /home/aravji/worlddealer/admin/mysite showroom_incent_photo.cfm
2000.09.20 13:58 B E:\worlddealer\admin\mysite\showroom_incent_photo_main.cfm <-- neoa /home/aravji/worlddealer/admin/mysite showroom_incent_photo_main.cfm
2000.09.20 13:58 B E:\worlddealer\admin\mysite\showroom_incent_save.cfm <-- neoa /home/aravji/worlddealer/admin/mysite showroom_incent_save.cfm
2000.09.20 13:58 B E:\worlddealer\admin\mysite\showroom_incent_type.cfm <-- neoa /home/aravji/worlddealer/admin/mysite showroom_incent_type.cfm
2000.09.20 13:58 B E:\worlddealer\admin\mysite\showroom_incent_type_chosen.cfm <-- neoa /home/aravji/worlddealer/admin/mysite showroom_incent_type_chosen.cfm
2000.09.20 13:58 B E:\worlddealer\admin\mysite\showroom_incent_type_main.cfm <-- neoa /home/aravji/worlddealer/admin/mysite showroom_incent_type_main.cfm
2000.09.20 13:58 B E:\worlddealer\admin\mysite\showroom_main.cfm <-- neoa /home/aravji/worlddealer/admin/mysite showroom_main.cfm
2000.09.20 13:58 B E:\worlddealer\admin\mysite\showroom_save.cfm <-- neoa /home/aravji/worlddealer/admin/mysite showroom_save.cfm
2000.09.20 13:58 B E:\worlddealer\admin\mysite\titlebar.cfm <-- neoa /home/aravji/worlddealer/admin/mysite titlebar.cfm
2000.09.20 13:58 B E:\worlddealer\admin\mysite\uploaderror.cfm <-- neoa /home/aravji/worlddealer/admin/mysite uploaderror.cfm
2000.09.20 13:58 B E:\worlddealer\admin\mysite\vehicle.cfm <-- neoa /home/aravji/worlddealer/admin/mysite vehicle.cfm
