2000.09.20 14:40 B E:\worlddealer\templates\dlr\adv.htm <-- neoa /home/aravji/worlddealer/templates/dlr adv.htm
2000.09.20 14:40 B E:\worlddealer\templates\dlr\application.cfm <-- neoa /home/aravji/worlddealer/templates/dlr application.cfm
2000.09.20 14:40 B E:\worlddealer\templates\dlr\banner.htm <-- neoa /home/aravji/worlddealer/templates/dlr banner.htm
2000.09.20 14:40 B E:\worlddealer\templates\dlr\ca.htm <-- neoa /home/aravji/worlddealer/templates/dlr ca.htm
2000.09.20 14:40 B E:\worlddealer\templates\dlr\career_submit.cfm <-- neoa /home/aravji/worlddealer/templates/dlr career_submit.cfm
2000.09.20 14:40 B E:\worlddealer\templates\dlr\CF_WorldDealer.cfm <-- neoa /home/aravji/worlddealer/templates/dlr CF_WorldDealer.cfm
2000.09.20 14:40 B E:\worlddealer\templates\dlr\co.htm <-- neoa /home/aravji/worlddealer/templates/dlr co.htm
2000.09.20 14:40 B E:\worlddealer\templates\dlr\de.htm <-- neoa /home/aravji/worlddealer/templates/dlr de.htm
2000.09.20 14:40 B E:\worlddealer\templates\dlr\dl.htm <-- neoa /home/aravji/worlddealer/templates/dlr dl.htm
2000.09.20 14:40 B E:\worlddealer\templates\dlr\fi.htm <-- neoa /home/aravji/worlddealer/templates/dlr fi.htm
2000.09.20 14:40 B E:\worlddealer\templates\dlr\footer.htm <-- neoa /home/aravji/worlddealer/templates/dlr footer.htm
2000.09.20 14:40 B E:\worlddealer\templates\dlr\global_1.htm <-- neoa /home/aravji/worlddealer/templates/dlr global_1.htm
2000.09.20 14:40 B E:\worlddealer\templates\dlr\global_10.htm <-- neoa /home/aravji/worlddealer/templates/dlr global_10.htm
2000.09.20 14:40 B E:\worlddealer\templates\dlr\global_11.htm <-- neoa /home/aravji/worlddealer/templates/dlr global_11.htm
2000.09.20 14:40 B E:\worlddealer\templates\dlr\global_12.htm <-- neoa /home/aravji/worlddealer/templates/dlr global_12.htm
2000.09.20 14:40 B E:\worlddealer\templates\dlr\global_13.htm <-- neoa /home/aravji/worlddealer/templates/dlr global_13.htm
2000.09.20 14:40 B E:\worlddealer\templates\dlr\global_14.htm <-- neoa /home/aravji/worlddealer/templates/dlr global_14.htm
2000.09.20 14:40 B E:\worlddealer\templates\dlr\global_2.htm <-- neoa /home/aravji/worlddealer/templates/dlr global_2.htm
2000.09.20 14:40 B E:\worlddealer\templates\dlr\global_3.htm <-- neoa /home/aravji/worlddealer/templates/dlr global_3.htm
2000.09.20 14:40 B E:\worlddealer\templates\dlr\global_4.htm <-- neoa /home/aravji/worlddealer/templates/dlr global_4.htm
2000.09.20 14:40 B E:\worlddealer\templates\dlr\global_5.htm <-- neoa /home/aravji/worlddealer/templates/dlr global_5.htm
2000.09.20 14:40 B E:\worlddealer\templates\dlr\global_6.htm <-- neoa /home/aravji/worlddealer/templates/dlr global_6.htm
2000.09.20 14:40 B E:\worlddealer\templates\dlr\global_7.htm <-- neoa /home/aravji/worlddealer/templates/dlr global_7.htm
2000.09.20 14:40 B E:\worlddealer\templates\dlr\global_8.htm <-- neoa /home/aravji/worlddealer/templates/dlr global_8.htm
2000.09.20 14:40 B E:\worlddealer\templates\dlr\global_9.htm <-- neoa /home/aravji/worlddealer/templates/dlr global_9.htm
2000.09.20 14:40 B E:\worlddealer\templates\dlr\hold_se_appt.htm <-- neoa /home/aravji/worlddealer/templates/dlr hold_se_appt.htm
2000.09.20 14:40 B E:\worlddealer\templates\dlr\index.cfm <-- neoa /home/aravji/worlddealer/templates/dlr index.cfm
2000.09.20 14:40 B E:\worlddealer\templates\dlr\le.htm <-- neoa /home/aravji/worlddealer/templates/dlr le.htm
2000.09.20 14:40 B E:\worlddealer\templates\dlr\le_1.htm <-- neoa /home/aravji/worlddealer/templates/dlr le_1.htm
2000.09.20 14:40 B E:\worlddealer\templates\dlr\le_2.htm <-- neoa /home/aravji/worlddealer/templates/dlr le_2.htm
2000.09.20 14:40 B E:\worlddealer\templates\dlr\le_3.htm <-- neoa /home/aravji/worlddealer/templates/dlr le_3.htm
2000.09.20 14:40 B E:\worlddealer\templates\dlr\leftnav.htm <-- neoa /home/aravji/worlddealer/templates/dlr leftnav.htm
2000.09.20 14:40 B E:\worlddealer\templates\dlr\leftnav_logo.htm <-- neoa /home/aravji/worlddealer/templates/dlr leftnav_logo.htm
2000.09.20 14:40 B E:\worlddealer\templates\dlr\ma.htm <-- neoa /home/aravji/worlddealer/templates/dlr ma.htm
2000.09.20 14:40 B E:\worlddealer\templates\dlr\ma_process.cfm <-- neoa /home/aravji/worlddealer/templates/dlr ma_process.cfm
2000.09.20 14:40 B E:\worlddealer\templates\dlr\main.cfm <-- neoa /home/aravji/worlddealer/templates/dlr main.cfm
2000.09.20 14:40 B E:\worlddealer\templates\dlr\notactive.cfm <-- neoa /home/aravji/worlddealer/templates/dlr notactive.cfm
2000.09.20 14:40 B E:\worlddealer\templates\dlr\oldcontact.htm <-- neoa /home/aravji/worlddealer/templates/dlr oldcontact.htm
2000.09.20 14:40 B E:\worlddealer\templates\dlr\pr.htm <-- neoa /home/aravji/worlddealer/templates/dlr pr.htm
2000.09.20 14:40 B E:\worlddealer\templates\dlr\pr_compare.cfm <-- neoa /home/aravji/worlddealer/templates/dlr pr_compare.cfm
2000.09.20 14:40 B E:\worlddealer\templates\dlr\pr_compare_remove.cfm <-- neoa /home/aravji/worlddealer/templates/dlr pr_compare_remove.cfm
2000.09.20 14:40 B E:\worlddealer\templates\dlr\pr_compare_view.cfm <-- neoa /home/aravji/worlddealer/templates/dlr pr_compare_view.cfm
2000.09.20 14:40 B E:\worlddealer\templates\dlr\pr_details.htm <-- neoa /home/aravji/worlddealer/templates/dlr pr_details.htm
2000.09.20 14:40 B E:\worlddealer\templates\dlr\pr_photo.cfm <-- neoa /home/aravji/worlddealer/templates/dlr pr_photo.cfm
2000.09.20 14:40 B E:\worlddealer\templates\dlr\pr_search.htm <-- neoa /home/aravji/worlddealer/templates/dlr pr_search.htm
2000.09.20 14:40 B E:\worlddealer\templates\dlr\pr_whyDiff.htm <-- neoa /home/aravji/worlddealer/templates/dlr pr_whyDiff.htm
2000.09.20 14:40 B E:\worlddealer\templates\dlr\qu.htm <-- neoa /home/aravji/worlddealer/templates/dlr qu.htm
2000.09.20 14:40 B E:\worlddealer\templates\dlr\se.htm <-- neoa /home/aravji/worlddealer/templates/dlr se.htm
2000.09.20 14:40 B E:\worlddealer\templates\dlr\se_appt.htm <-- neoa /home/aravji/worlddealer/templates/dlr se_appt.htm
2000.09.20 14:40 B E:\worlddealer\templates\dlr\se_appt_orig.htm <-- neoa /home/aravji/worlddealer/templates/dlr se_appt_orig.htm
2000.09.20 14:40 B E:\worlddealer\templates\dlr\se_part.htm <-- neoa /home/aravji/worlddealer/templates/dlr se_part.htm
2000.09.20 14:40 B E:\worlddealer\templates\dlr\sh.htm <-- neoa /home/aravji/worlddealer/templates/dlr sh.htm
2000.09.20 14:40 B E:\worlddealer\templates\dlr\so.htm <-- neoa /home/aravji/worlddealer/templates/dlr so.htm
2000.09.20 14:40 B E:\worlddealer\templates\dlr\sp_1.htm <-- neoa /home/aravji/worlddealer/templates/dlr sp_1.htm
2000.09.20 14:40 B E:\worlddealer\templates\dlr\sp_10.htm <-- neoa /home/aravji/worlddealer/templates/dlr sp_10.htm
2000.09.20 14:40 B E:\worlddealer\templates\dlr\sp_11.htm <-- neoa /home/aravji/worlddealer/templates/dlr sp_11.htm
2000.09.20 14:40 B E:\worlddealer\templates\dlr\sp_12.htm <-- neoa /home/aravji/worlddealer/templates/dlr sp_12.htm
2000.09.20 14:40 B E:\worlddealer\templates\dlr\sp_13.htm <-- neoa /home/aravji/worlddealer/templates/dlr sp_13.htm
2000.09.20 14:40 B E:\worlddealer\templates\dlr\sp_14.htm <-- neoa /home/aravji/worlddealer/templates/dlr sp_14.htm
2000.09.20 14:40 B E:\worlddealer\templates\dlr\sp_2.htm <-- neoa /home/aravji/worlddealer/templates/dlr sp_2.htm
2000.09.20 14:40 B E:\worlddealer\templates\dlr\sp_3.htm <-- neoa /home/aravji/worlddealer/templates/dlr sp_3.htm
2000.09.20 14:40 B E:\worlddealer\templates\dlr\sp_4.htm <-- neoa /home/aravji/worlddealer/templates/dlr sp_4.htm
2000.09.20 14:40 B E:\worlddealer\templates\dlr\sp_5.htm <-- neoa /home/aravji/worlddealer/templates/dlr sp_5.htm
2000.09.20 14:40 B E:\worlddealer\templates\dlr\sp_6.htm <-- neoa /home/aravji/worlddealer/templates/dlr sp_6.htm
2000.09.20 14:40 B E:\worlddealer\templates\dlr\sp_7.htm <-- neoa /home/aravji/worlddealer/templates/dlr sp_7.htm
2000.09.20 14:40 B E:\worlddealer\templates\dlr\sp_8.htm <-- neoa /home/aravji/worlddealer/templates/dlr sp_8.htm
2000.09.20 14:40 B E:\worlddealer\templates\dlr\sp_9.htm <-- neoa /home/aravji/worlddealer/templates/dlr sp_9.htm
2000.09.20 14:40 B E:\worlddealer\templates\dlr\sp_footer.html <-- neoa /home/aravji/worlddealer/templates/dlr sp_footer.html
2000.09.20 14:40 B E:\worlddealer\templates\dlr\sp_redirect.htm <-- neoa /home/aravji/worlddealer/templates/dlr sp_redirect.htm
2000.09.20 14:40 B E:\worlddealer\templates\dlr\subCollMain.htm <-- neoa /home/aravji/worlddealer/templates/dlr subCollMain.htm
2000.09.20 14:40 B E:\worlddealer\templates\dlr\template_1.htm <-- neoa /home/aravji/worlddealer/templates/dlr template_1.htm
2000.09.20 14:40 B E:\worlddealer\templates\dlr\template_10.htm <-- neoa /home/aravji/worlddealer/templates/dlr template_10.htm
2000.09.20 14:40 B E:\worlddealer\templates\dlr\template_11.htm <-- neoa /home/aravji/worlddealer/templates/dlr template_11.htm
2000.09.20 14:40 B E:\worlddealer\templates\dlr\template_12.htm <-- neoa /home/aravji/worlddealer/templates/dlr template_12.htm
2000.09.20 14:40 B E:\worlddealer\templates\dlr\template_13.htm <-- neoa /home/aravji/worlddealer/templates/dlr template_13.htm
2000.09.20 14:40 B E:\worlddealer\templates\dlr\template_14.htm <-- neoa /home/aravji/worlddealer/templates/dlr template_14.htm
2000.09.20 14:40 B E:\worlddealer\templates\dlr\template_2.htm <-- neoa /home/aravji/worlddealer/templates/dlr template_2.htm
2000.09.20 14:40 B E:\worlddealer\templates\dlr\template_3.htm <-- neoa /home/aravji/worlddealer/templates/dlr template_3.htm
2000.09.20 14:40 B E:\worlddealer\templates\dlr\template_4.htm <-- neoa /home/aravji/worlddealer/templates/dlr template_4.htm
2000.09.20 14:40 B E:\worlddealer\templates\dlr\template_5.htm <-- neoa /home/aravji/worlddealer/templates/dlr template_5.htm
2000.09.20 14:40 B E:\worlddealer\templates\dlr\template_6.htm <-- neoa /home/aravji/worlddealer/templates/dlr template_6.htm
2000.09.20 14:40 B E:\worlddealer\templates\dlr\template_7.htm <-- neoa /home/aravji/worlddealer/templates/dlr template_7.htm
2000.09.20 14:40 B E:\worlddealer\templates\dlr\template_8.htm <-- neoa /home/aravji/worlddealer/templates/dlr template_8.htm
2000.09.20 14:40 B E:\worlddealer\templates\dlr\template_9.htm <-- neoa /home/aravji/worlddealer/templates/dlr template_9.htm
2000.09.20 14:40 B E:\worlddealer\templates\dlr\ve.htm <-- neoa /home/aravji/worlddealer/templates/dlr ve.htm
2000.10.27 18:56 B E:\worlddealer\templates\dlr\sh.htm --> ftp.sigma6.com /pub/rr sh.htm
2000.10.27 18:57 B E:\worlddealer\templates\dlr\main.cfm --> ftp.sigma6.com /pub/rr main.cfm
2000.10.27 18:57 B E:\worlddealer\templates\dlr\pr.htm --> ftp.sigma6.com /pub/rr pr.htm
2000.10.30 13:16 B E:\worlddealer\templates\dlr\ca.htm <-- Ipswitch /pub/rr ca.htm
