99.05.06 18:56 B H:\worlddealer\images\1\nav_noca_nav.gif --> montana.sigma6.net /www/worlddealer/images/1 nav_noca_nav.gif
99.05.10 16:23 B H:\worlddealer\images\1\bg.gif --> montana.sigma6.net /www/worlddealer/images/1 bg.gif
99.05.10 16:23 B H:\worlddealer\images\1\bg_sp.gif --> montana.sigma6.net /www/worlddealer/images/1 bg_sp.gif
99.05.10 16:23 B H:\worlddealer\images\1\frm_back_nav.gif --> montana.sigma6.net /www/worlddealer/images/1 frm_back_nav.gif
99.05.10 16:23 B H:\worlddealer\images\1\frm_calculate_nav.gif --> montana.sigma6.net /www/worlddealer/images/1 frm_calculate_nav.gif
99.05.10 16:23 B H:\worlddealer\images\1\frm_next_nav.gif --> montana.sigma6.net /www/worlddealer/images/1 frm_next_nav.gif
99.05.10 16:23 B H:\worlddealer\images\1\frm_reset_nav.gif --> montana.sigma6.net /www/worlddealer/images/1 frm_reset_nav.gif
99.05.10 16:24 B H:\worlddealer\images\1\frm_submit_nav.gif --> montana.sigma6.net /www/worlddealer/images/1 frm_submit_nav.gif
99.05.10 16:24 B H:\worlddealer\images\1\map_zoomin_nav.gif --> montana.sigma6.net /www/worlddealer/images/1 map_zoomin_nav.gif
99.05.10 16:24 B H:\worlddealer\images\1\map_zoomout_nav.gif --> montana.sigma6.net /www/worlddealer/images/1 map_zoomout_nav.gif
99.05.10 16:24 B H:\worlddealer\images\1\nav_adv_nav.gif --> montana.sigma6.net /www/worlddealer/images/1 nav_adv_nav.gif
99.05.10 16:24 B H:\worlddealer\images\1\nav_base_nav.gif --> montana.sigma6.net /www/worlddealer/images/1 nav_base_nav.gif
99.05.10 16:24 B H:\worlddealer\images\1\nav_ca_nav.gif --> montana.sigma6.net /www/worlddealer/images/1 nav_ca_nav.gif
99.05.10 16:24 B H:\worlddealer\images\1\nav_co_nav.gif --> montana.sigma6.net /www/worlddealer/images/1 nav_co_nav.gif
99.05.10 16:24 B H:\worlddealer\images\1\nav_de_nav.gif --> montana.sigma6.net /www/worlddealer/images/1 nav_de_nav.gif
99.05.10 16:24 B H:\worlddealer\images\1\nav_fi_nav.gif --> montana.sigma6.net /www/worlddealer/images/1 nav_fi_nav.gif
99.05.10 16:24 B H:\worlddealer\images\1\nav_getquote_nav.gif --> montana.sigma6.net /www/worlddealer/images/1 nav_getquote_nav.gif
99.05.10 16:24 B H:\worlddealer\images\1\nav_le_nav.gif --> montana.sigma6.net /www/worlddealer/images/1 nav_le_nav.gif
99.05.10 16:24 B H:\worlddealer\images\1\nav_logo2_nav.gif --> montana.sigma6.net /www/worlddealer/images/1 nav_logo2_nav.gif
99.05.10 16:24 B H:\worlddealer\images\1\nav_logo9_nav.gif --> montana.sigma6.net /www/worlddealer/images/1 nav_logo9_nav.gif
99.05.10 16:24 B H:\worlddealer\images\1\nav_logo_nav.gif --> montana.sigma6.net /www/worlddealer/images/1 nav_logo_nav.gif
99.05.10 16:25 B H:\worlddealer\images\1\nav_logo_nav_OLD.gif --> montana.sigma6.net /www/worlddealer/images/1 nav_logo_nav_OLD.gif
99.05.10 16:25 B H:\worlddealer\images\1\nav_ma_nav.gif --> montana.sigma6.net /www/worlddealer/images/1 nav_ma_nav.gif
99.05.10 16:25 B H:\worlddealer\images\1\nav_noca_nav.gif --> montana.sigma6.net /www/worlddealer/images/1 nav_noca_nav.gif
99.05.10 16:25 B H:\worlddealer\images\1\nav_pr_nav.gif --> montana.sigma6.net /www/worlddealer/images/1 nav_pr_nav.gif
99.05.10 16:25 B H:\worlddealer\images\1\nav_qu_nav.gif --> montana.sigma6.net /www/worlddealer/images/1 nav_qu_nav.gif
99.05.10 16:25 B H:\worlddealer\images\1\nav_se_nav.gif --> montana.sigma6.net /www/worlddealer/images/1 nav_se_nav.gif
99.05.10 16:25 B H:\worlddealer\images\1\nav_sh_nav.gif --> montana.sigma6.net /www/worlddealer/images/1 nav_sh_nav.gif
99.05.10 16:25 B H:\worlddealer\images\1\oil.gif --> montana.sigma6.net /www/worlddealer/images/1 oil.gif
99.05.10 16:25 B H:\worlddealer\images\1\se_appt_nav.gif --> montana.sigma6.net /www/worlddealer/images/1 se_appt_nav.gif
99.05.10 16:25 B H:\worlddealer\images\1\se_part_nav.gif --> montana.sigma6.net /www/worlddealer/images/1 se_part_nav.gif
99.05.10 16:25 B H:\worlddealer\images\1\sh_10_nav.gif --> montana.sigma6.net /www/worlddealer/images/1 sh_10_nav.gif
99.05.10 16:25 B H:\worlddealer\images\1\sh_11_nav.gif --> montana.sigma6.net /www/worlddealer/images/1 sh_11_nav.gif
99.05.10 16:26 B H:\worlddealer\images\1\sh_12_nav.gif --> montana.sigma6.net /www/worlddealer/images/1 sh_12_nav.gif
99.05.10 16:26 B H:\worlddealer\images\1\sh_13_nav.gif --> montana.sigma6.net /www/worlddealer/images/1 sh_13_nav.gif
99.05.10 16:26 B H:\worlddealer\images\1\sh_14_nav.gif --> montana.sigma6.net /www/worlddealer/images/1 sh_14_nav.gif
99.05.10 16:26 B H:\worlddealer\images\1\sh_1_nav.gif --> montana.sigma6.net /www/worlddealer/images/1 sh_1_nav.gif
99.05.19 18:50 B H:\worlddealer\images\1\bg.gif --> montana.sigma6.net /www/worlddealer/images/1 bg.gif
99.05.19 18:50 B H:\worlddealer\images\1\bg_sp.gif --> montana.sigma6.net /www/worlddealer/images/1 bg_sp.gif
99.05.19 18:50 B H:\worlddealer\images\1\frm_back_nav.gif --> montana.sigma6.net /www/worlddealer/images/1 frm_back_nav.gif
99.05.19 18:50 B H:\worlddealer\images\1\frm_calculate_nav.gif --> montana.sigma6.net /www/worlddealer/images/1 frm_calculate_nav.gif
99.05.19 18:50 B H:\worlddealer\images\1\frm_next_nav.gif --> montana.sigma6.net /www/worlddealer/images/1 frm_next_nav.gif
99.05.19 18:50 B H:\worlddealer\images\1\frm_reset_nav.gif --> montana.sigma6.net /www/worlddealer/images/1 frm_reset_nav.gif
99.05.19 18:50 B H:\worlddealer\images\1\frm_submit_nav.gif --> montana.sigma6.net /www/worlddealer/images/1 frm_submit_nav.gif
99.05.19 18:50 B H:\worlddealer\images\1\map_zoomin_nav.gif --> montana.sigma6.net /www/worlddealer/images/1 map_zoomin_nav.gif
99.05.19 18:50 B H:\worlddealer\images\1\map_zoomout_nav.gif --> montana.sigma6.net /www/worlddealer/images/1 map_zoomout_nav.gif
99.05.19 18:50 B H:\worlddealer\images\1\nav_adv_nav.gif --> montana.sigma6.net /www/worlddealer/images/1 nav_adv_nav.gif
99.05.19 18:50 B H:\worlddealer\images\1\nav_base_nav.gif --> montana.sigma6.net /www/worlddealer/images/1 nav_base_nav.gif
99.05.19 18:50 B H:\worlddealer\images\1\nav_ca_nav.gif --> montana.sigma6.net /www/worlddealer/images/1 nav_ca_nav.gif
99.05.19 18:50 B H:\worlddealer\images\1\nav_co_nav.gif --> montana.sigma6.net /www/worlddealer/images/1 nav_co_nav.gif
99.05.19 18:50 B H:\worlddealer\images\1\nav_de_nav.gif --> montana.sigma6.net /www/worlddealer/images/1 nav_de_nav.gif
99.05.19 18:50 B H:\worlddealer\images\1\nav_fi_nav.gif --> montana.sigma6.net /www/worlddealer/images/1 nav_fi_nav.gif
99.05.19 18:50 B H:\worlddealer\images\1\nav_getquote_nav.gif --> montana.sigma6.net /www/worlddealer/images/1 nav_getquote_nav.gif
99.05.19 18:50 B H:\worlddealer\images\1\nav_le_nav.gif --> montana.sigma6.net /www/worlddealer/images/1 nav_le_nav.gif
99.05.19 18:50 B H:\worlddealer\images\1\nav_logo2_nav.gif --> montana.sigma6.net /www/worlddealer/images/1 nav_logo2_nav.gif
99.05.19 18:50 B H:\worlddealer\images\1\nav_logo9_nav.gif --> montana.sigma6.net /www/worlddealer/images/1 nav_logo9_nav.gif
99.05.19 18:50 B H:\worlddealer\images\1\nav_logo_nav.gif --> montana.sigma6.net /www/worlddealer/images/1 nav_logo_nav.gif
99.05.19 18:50 B H:\worlddealer\images\1\nav_logo_nav_OLD.gif --> montana.sigma6.net /www/worlddealer/images/1 nav_logo_nav_OLD.gif
99.05.19 18:50 B H:\worlddealer\images\1\nav_ma_nav.gif --> montana.sigma6.net /www/worlddealer/images/1 nav_ma_nav.gif
99.05.19 18:50 B H:\worlddealer\images\1\nav_noca_nav.gif --> montana.sigma6.net /www/worlddealer/images/1 nav_noca_nav.gif
99.05.19 18:50 B H:\worlddealer\images\1\nav_pr_nav.gif --> montana.sigma6.net /www/worlddealer/images/1 nav_pr_nav.gif
99.05.19 18:50 B H:\worlddealer\images\1\nav_qu_nav.gif --> montana.sigma6.net /www/worlddealer/images/1 nav_qu_nav.gif
99.05.19 18:50 B H:\worlddealer\images\1\nav_se_nav.gif --> montana.sigma6.net /www/worlddealer/images/1 nav_se_nav.gif
99.05.19 18:50 B H:\worlddealer\images\1\nav_sh_nav.gif --> montana.sigma6.net /www/worlddealer/images/1 nav_sh_nav.gif
99.05.19 18:50 B H:\worlddealer\images\1\oil.gif --> montana.sigma6.net /www/worlddealer/images/1 oil.gif
99.05.19 18:50 B H:\worlddealer\images\1\se_appt_nav.gif --> montana.sigma6.net /www/worlddealer/images/1 se_appt_nav.gif
99.05.19 18:50 B H:\worlddealer\images\1\se_part_nav.gif --> montana.sigma6.net /www/worlddealer/images/1 se_part_nav.gif
99.05.19 18:50 B H:\worlddealer\images\1\sp_01_gra.gif --> montana.sigma6.net /www/worlddealer/images/1 sp_01_gra.gif
99.05.19 18:50 B H:\worlddealer\images\1\sp_01_gra.jpg --> montana.sigma6.net /www/worlddealer/images/1 sp_01_gra.jpg
99.05.19 18:50 B H:\worlddealer\images\1\sp_01_hea.jpg --> montana.sigma6.net /www/worlddealer/images/1 sp_01_hea.jpg
99.05.19 18:50 B H:\worlddealer\images\1\sp_02_gra.gif --> montana.sigma6.net /www/worlddealer/images/1 sp_02_gra.gif
99.05.19 18:50 B H:\worlddealer\images\1\sp_02_gra.jpg --> montana.sigma6.net /www/worlddealer/images/1 sp_02_gra.jpg
99.05.19 18:50 B H:\worlddealer\images\1\sp_11-111_1_hea.gif --> montana.sigma6.net /www/worlddealer/images/1 sp_11-111_1_hea.gif
99.05.19 18:50 B H:\worlddealer\images\1\sp_1_hea_1.jpg --> montana.sigma6.net /www/worlddealer/images/1 sp_1_hea_1.jpg
99.05.19 18:50 B H:\worlddealer\images\1\sp_1_hea_2.gif --> montana.sigma6.net /www/worlddealer/images/1 sp_1_hea_2.gif
99.05.19 18:50 B H:\worlddealer\images\1\sp_adv_nav.gif --> montana.sigma6.net /www/worlddealer/images/1 sp_adv_nav.gif
99.05.19 18:50 B H:\worlddealer\images\1\sp_co_nav.gif --> montana.sigma6.net /www/worlddealer/images/1 sp_co_nav.gif
99.05.19 18:51 B H:\worlddealer\images\1\sp_de_nav.gif --> montana.sigma6.net /www/worlddealer/images/1 sp_de_nav.gif
99.05.19 18:51 B H:\worlddealer\images\1\sp_fi_nav.gif --> montana.sigma6.net /www/worlddealer/images/1 sp_fi_nav.gif
99.05.19 18:51 B H:\worlddealer\images\1\sp_le_nav.gif --> montana.sigma6.net /www/worlddealer/images/1 sp_le_nav.gif
99.05.19 18:51 B H:\worlddealer\images\1\sp_line_gra.gif --> montana.sigma6.net /www/worlddealer/images/1 sp_line_gra.gif
99.05.19 18:51 B H:\worlddealer\images\1\sp_logo2_hea.gif --> montana.sigma6.net /www/worlddealer/images/1 sp_logo2_hea.gif
99.05.19 18:51 B H:\worlddealer\images\1\sp_logo_hea.gif --> montana.sigma6.net /www/worlddealer/images/1 sp_logo_hea.gif
99.05.19 18:51 B H:\worlddealer\images\1\sp_logo_hea_OLD.gif --> montana.sigma6.net /www/worlddealer/images/1 sp_logo_hea_OLD.gif
99.05.19 18:51 B H:\worlddealer\images\1\sp_ma_nav.gif --> montana.sigma6.net /www/worlddealer/images/1 sp_ma_nav.gif
99.05.19 18:51 B H:\worlddealer\images\1\sp_pr_nav.gif --> montana.sigma6.net /www/worlddealer/images/1 sp_pr_nav.gif
99.05.19 18:51 B H:\worlddealer\images\1\sp_qu_nav.gif --> montana.sigma6.net /www/worlddealer/images/1 sp_qu_nav.gif
99.05.19 18:51 B H:\worlddealer\images\1\sp_se_nav.gif --> montana.sigma6.net /www/worlddealer/images/1 sp_se_nav.gif
99.05.19 18:51 B H:\worlddealer\images\1\sp_sh_nav.gif --> montana.sigma6.net /www/worlddealer/images/1 sp_sh_nav.gif
99.05.19 18:51 B H:\worlddealer\images\1\tle_adv_hea.gif --> montana.sigma6.net /www/worlddealer/images/1 tle_adv_hea.gif
99.05.19 18:51 B H:\worlddealer\images\1\tle_ca_hea.gif --> montana.sigma6.net /www/worlddealer/images/1 tle_ca_hea.gif
99.05.19 18:51 B H:\worlddealer\images\1\tle_co_hea.gif --> montana.sigma6.net /www/worlddealer/images/1 tle_co_hea.gif
99.05.19 18:51 B H:\worlddealer\images\1\tle_de_hea.gif --> montana.sigma6.net /www/worlddealer/images/1 tle_de_hea.gif
99.05.19 18:51 B H:\worlddealer\images\1\tle_fi_hea.gif --> montana.sigma6.net /www/worlddealer/images/1 tle_fi_hea.gif
99.05.19 18:51 B H:\worlddealer\images\1\tle_le_hea.gif --> montana.sigma6.net /www/worlddealer/images/1 tle_le_hea.gif
99.05.19 18:51 B H:\worlddealer\images\1\tle_ma_hea.gif --> montana.sigma6.net /www/worlddealer/images/1 tle_ma_hea.gif
99.05.19 18:51 B H:\worlddealer\images\1\tle_pr_hea.gif --> montana.sigma6.net /www/worlddealer/images/1 tle_pr_hea.gif
99.05.19 18:51 B H:\worlddealer\images\1\tle_qu_hea.gif --> montana.sigma6.net /www/worlddealer/images/1 tle_qu_hea.gif
99.05.19 18:51 B H:\worlddealer\images\1\tle_se_hea.gif --> montana.sigma6.net /www/worlddealer/images/1 tle_se_hea.gif
99.05.19 18:51 B H:\worlddealer\images\1\tle_sh_hea.gif --> montana.sigma6.net /www/worlddealer/images/1 tle_sh_hea.gif
99.05.19 18:51 B H:\worlddealer\images\1\tle_why_hea.gif --> montana.sigma6.net /www/worlddealer/images/1 tle_why_hea.gif
99.05.19 18:51 B H:\worlddealer\images\1\tuneup.gif --> montana.sigma6.net /www/worlddealer/images/1 tuneup.gif
99.05.19 18:51 B H:\worlddealer\images\1\WS_FTP.LOG --> montana.sigma6.net /www/worlddealer/images/1 WS_FTP.LOG
99.05.19 18:55 B H:\worlddealer\images\1\bg.gif --> montana.sigma6.net /www/worlddealer/images/1 bg.gif
99.05.19 18:55 B H:\worlddealer\images\1\bg_sp.gif --> montana.sigma6.net /www/worlddealer/images/1 bg_sp.gif
99.05.19 18:55 B H:\worlddealer\images\1\frm_back_nav.gif --> montana.sigma6.net /www/worlddealer/images/1 frm_back_nav.gif
99.05.19 18:55 B H:\worlddealer\images\1\frm_calculate_nav.gif --> montana.sigma6.net /www/worlddealer/images/1 frm_calculate_nav.gif
99.05.19 18:55 B H:\worlddealer\images\1\frm_next_nav.gif --> montana.sigma6.net /www/worlddealer/images/1 frm_next_nav.gif
99.05.19 18:55 B H:\worlddealer\images\1\frm_reset_nav.gif --> montana.sigma6.net /www/worlddealer/images/1 frm_reset_nav.gif
99.05.19 18:55 B H:\worlddealer\images\1\frm_submit_nav.gif --> montana.sigma6.net /www/worlddealer/images/1 frm_submit_nav.gif
99.05.19 18:55 B H:\worlddealer\images\1\map_zoomin_nav.gif --> montana.sigma6.net /www/worlddealer/images/1 map_zoomin_nav.gif
99.05.19 18:55 B H:\worlddealer\images\1\map_zoomout_nav.gif --> montana.sigma6.net /www/worlddealer/images/1 map_zoomout_nav.gif
99.05.19 18:55 B H:\worlddealer\images\1\nav_adv_nav.gif --> montana.sigma6.net /www/worlddealer/images/1 nav_adv_nav.gif
99.05.19 18:55 B H:\worlddealer\images\1\nav_base_nav.gif --> montana.sigma6.net /www/worlddealer/images/1 nav_base_nav.gif
99.05.19 18:55 B H:\worlddealer\images\1\nav_ca_nav.gif --> montana.sigma6.net /www/worlddealer/images/1 nav_ca_nav.gif
99.05.19 18:55 B H:\worlddealer\images\1\nav_co_nav.gif --> montana.sigma6.net /www/worlddealer/images/1 nav_co_nav.gif
99.05.19 18:55 B H:\worlddealer\images\1\nav_de_nav.gif --> montana.sigma6.net /www/worlddealer/images/1 nav_de_nav.gif
99.05.19 18:55 B H:\worlddealer\images\1\nav_fi_nav.gif --> montana.sigma6.net /www/worlddealer/images/1 nav_fi_nav.gif
99.05.19 18:55 B H:\worlddealer\images\1\nav_getquote_nav.gif --> montana.sigma6.net /www/worlddealer/images/1 nav_getquote_nav.gif
99.05.19 18:55 B H:\worlddealer\images\1\nav_le_nav.gif --> montana.sigma6.net /www/worlddealer/images/1 nav_le_nav.gif
99.05.19 18:55 B H:\worlddealer\images\1\nav_logo2_nav.gif --> montana.sigma6.net /www/worlddealer/images/1 nav_logo2_nav.gif
99.05.19 18:55 B H:\worlddealer\images\1\nav_logo9_nav.gif --> montana.sigma6.net /www/worlddealer/images/1 nav_logo9_nav.gif
99.05.19 18:55 B H:\worlddealer\images\1\nav_logo_nav.gif --> montana.sigma6.net /www/worlddealer/images/1 nav_logo_nav.gif
99.05.19 18:55 B H:\worlddealer\images\1\nav_logo_nav_OLD.gif --> montana.sigma6.net /www/worlddealer/images/1 nav_logo_nav_OLD.gif
99.05.19 18:55 B H:\worlddealer\images\1\nav_ma_nav.gif --> montana.sigma6.net /www/worlddealer/images/1 nav_ma_nav.gif
99.05.19 18:55 B H:\worlddealer\images\1\nav_noca_nav.gif --> montana.sigma6.net /www/worlddealer/images/1 nav_noca_nav.gif
99.05.19 18:55 B H:\worlddealer\images\1\nav_pr_nav.gif --> montana.sigma6.net /www/worlddealer/images/1 nav_pr_nav.gif
99.05.19 18:55 B H:\worlddealer\images\1\nav_qu_nav.gif --> montana.sigma6.net /www/worlddealer/images/1 nav_qu_nav.gif
99.05.19 18:55 B H:\worlddealer\images\1\nav_se_nav.gif --> montana.sigma6.net /www/worlddealer/images/1 nav_se_nav.gif
99.05.19 18:55 B H:\worlddealer\images\1\nav_sh_nav.gif --> montana.sigma6.net /www/worlddealer/images/1 nav_sh_nav.gif
99.05.19 18:55 B H:\worlddealer\images\1\oil.gif --> montana.sigma6.net /www/worlddealer/images/1 oil.gif
99.05.19 18:55 B H:\worlddealer\images\1\se_appt_nav.gif --> montana.sigma6.net /www/worlddealer/images/1 se_appt_nav.gif
99.05.19 18:55 B H:\worlddealer\images\1\se_part_nav.gif --> montana.sigma6.net /www/worlddealer/images/1 se_part_nav.gif
99.05.19 18:55 B H:\worlddealer\images\1\sp_01_gra.gif --> montana.sigma6.net /www/worlddealer/images/1 sp_01_gra.gif
99.05.19 18:56 B H:\worlddealer\images\1\sp_01_gra.jpg --> montana.sigma6.net /www/worlddealer/images/1 sp_01_gra.jpg
99.05.19 18:56 B H:\worlddealer\images\1\sp_01_hea.jpg --> montana.sigma6.net /www/worlddealer/images/1 sp_01_hea.jpg
99.05.19 18:56 B H:\worlddealer\images\1\sp_02_gra.gif --> montana.sigma6.net /www/worlddealer/images/1 sp_02_gra.gif
99.05.19 18:56 B H:\worlddealer\images\1\sp_02_gra.jpg --> montana.sigma6.net /www/worlddealer/images/1 sp_02_gra.jpg
99.05.19 18:56 B H:\worlddealer\images\1\sp_11-111_1_hea.gif --> montana.sigma6.net /www/worlddealer/images/1 sp_11-111_1_hea.gif
99.05.19 18:56 B H:\worlddealer\images\1\sp_1_hea_1.jpg --> montana.sigma6.net /www/worlddealer/images/1 sp_1_hea_1.jpg
99.05.19 18:56 B H:\worlddealer\images\1\sp_1_hea_2.gif --> montana.sigma6.net /www/worlddealer/images/1 sp_1_hea_2.gif
99.05.19 18:56 B H:\worlddealer\images\1\sp_adv_nav.gif --> montana.sigma6.net /www/worlddealer/images/1 sp_adv_nav.gif
99.05.19 18:56 B H:\worlddealer\images\1\sp_co_nav.gif --> montana.sigma6.net /www/worlddealer/images/1 sp_co_nav.gif
99.05.19 18:56 B H:\worlddealer\images\1\sp_de_nav.gif --> montana.sigma6.net /www/worlddealer/images/1 sp_de_nav.gif
99.05.19 18:56 B H:\worlddealer\images\1\sp_fi_nav.gif --> montana.sigma6.net /www/worlddealer/images/1 sp_fi_nav.gif
99.05.19 18:56 B H:\worlddealer\images\1\sp_le_nav.gif --> montana.sigma6.net /www/worlddealer/images/1 sp_le_nav.gif
99.05.19 18:56 B H:\worlddealer\images\1\sp_line_gra.gif --> montana.sigma6.net /www/worlddealer/images/1 sp_line_gra.gif
99.05.19 18:56 B H:\worlddealer\images\1\sp_logo2_hea.gif --> montana.sigma6.net /www/worlddealer/images/1 sp_logo2_hea.gif
99.05.19 18:56 B H:\worlddealer\images\1\sp_logo_hea.gif --> montana.sigma6.net /www/worlddealer/images/1 sp_logo_hea.gif
99.05.19 18:56 B H:\worlddealer\images\1\sp_logo_hea_OLD.gif --> montana.sigma6.net /www/worlddealer/images/1 sp_logo_hea_OLD.gif
99.05.19 18:56 B H:\worlddealer\images\1\sp_ma_nav.gif --> montana.sigma6.net /www/worlddealer/images/1 sp_ma_nav.gif
99.05.19 18:56 B H:\worlddealer\images\1\sp_pr_nav.gif --> montana.sigma6.net /www/worlddealer/images/1 sp_pr_nav.gif
99.05.19 18:56 B H:\worlddealer\images\1\sp_qu_nav.gif --> montana.sigma6.net /www/worlddealer/images/1 sp_qu_nav.gif
99.05.19 18:56 B H:\worlddealer\images\1\sp_se_nav.gif --> montana.sigma6.net /www/worlddealer/images/1 sp_se_nav.gif
99.05.19 18:56 B H:\worlddealer\images\1\sp_sh_nav.gif --> montana.sigma6.net /www/worlddealer/images/1 sp_sh_nav.gif
99.05.19 18:56 B H:\worlddealer\images\1\tle_adv_hea.gif --> montana.sigma6.net /www/worlddealer/images/1 tle_adv_hea.gif
99.05.19 18:56 B H:\worlddealer\images\1\tle_ca_hea.gif --> montana.sigma6.net /www/worlddealer/images/1 tle_ca_hea.gif
99.05.19 18:56 B H:\worlddealer\images\1\tle_co_hea.gif --> montana.sigma6.net /www/worlddealer/images/1 tle_co_hea.gif
99.05.19 18:56 B H:\worlddealer\images\1\tle_de_hea.gif --> montana.sigma6.net /www/worlddealer/images/1 tle_de_hea.gif
99.05.19 18:56 B H:\worlddealer\images\1\tle_fi_hea.gif --> montana.sigma6.net /www/worlddealer/images/1 tle_fi_hea.gif
99.05.19 18:56 B H:\worlddealer\images\1\tle_le_hea.gif --> montana.sigma6.net /www/worlddealer/images/1 tle_le_hea.gif
99.05.19 18:56 B H:\worlddealer\images\1\tle_ma_hea.gif --> montana.sigma6.net /www/worlddealer/images/1 tle_ma_hea.gif
99.05.19 18:56 B H:\worlddealer\images\1\tle_pr_hea.gif --> montana.sigma6.net /www/worlddealer/images/1 tle_pr_hea.gif
99.05.19 18:56 B H:\worlddealer\images\1\tle_qu_hea.gif --> montana.sigma6.net /www/worlddealer/images/1 tle_qu_hea.gif
99.05.19 18:56 B H:\worlddealer\images\1\tle_se_hea.gif --> montana.sigma6.net /www/worlddealer/images/1 tle_se_hea.gif
99.05.19 18:56 B H:\worlddealer\images\1\tle_sh_hea.gif --> montana.sigma6.net /www/worlddealer/images/1 tle_sh_hea.gif
99.05.19 18:56 B H:\worlddealer\images\1\tle_why_hea.gif --> montana.sigma6.net /www/worlddealer/images/1 tle_why_hea.gif
99.05.19 18:56 B H:\worlddealer\images\1\tuneup.gif --> montana.sigma6.net /www/worlddealer/images/1 tuneup.gif
