99.05.19 19:18 B H:\worlddealer\images\5\map_zoomin_nav.gif --> montana.sigma6.net /www/worlddealer/images/5 map_zoomin_nav.gif
99.05.19 19:18 B H:\worlddealer\images\5\map_zoomout_nav.gif --> montana.sigma6.net /www/worlddealer/images/5 map_zoomout_nav.gif
99.05.19 19:18 B H:\worlddealer\images\5\splash.jpg --> montana.sigma6.net /www/worlddealer/images/5 splash.jpg
99.05.19 19:18 B H:\worlddealer\images\5\blueIn.jpg --> montana.sigma6.net /www/worlddealer/images/5 blueIn.jpg
99.05.19 19:18 B H:\worlddealer\images\5\col_sp_logo_nav.gif --> montana.sigma6.net /www/worlddealer/images/5 col_sp_logo_nav.gif
99.05.19 19:18 B H:\worlddealer\images\5\nav_collage_nav.jpg --> montana.sigma6.net /www/worlddealer/images/5 nav_collage_nav.jpg
99.05.19 19:18 B H:\worlddealer\images\5\sp_logo_nav.gif --> montana.sigma6.net /www/worlddealer/images/5 sp_logo_nav.gif
99.05.19 19:19 B H:\worlddealer\images\5\sp_pr_nav.gif --> montana.sigma6.net /www/worlddealer/images/5 sp_pr_nav.gif
99.05.19 19:19 B H:\worlddealer\images\5\sp_sh_nav.gif --> montana.sigma6.net /www/worlddealer/images/5 sp_sh_nav.gif
99.05.19 19:19 B H:\worlddealer\images\5\sp_fi_nav.gif --> montana.sigma6.net /www/worlddealer/images/5 sp_fi_nav.gif
99.05.19 19:19 B H:\worlddealer\images\5\sp_le_nav.gif --> montana.sigma6.net /www/worlddealer/images/5 sp_le_nav.gif
99.05.19 19:19 B H:\worlddealer\images\5\sp_qu_nav.gif --> montana.sigma6.net /www/worlddealer/images/5 sp_qu_nav.gif
99.05.19 19:19 B H:\worlddealer\images\5\sp_adv_nav.gif --> montana.sigma6.net /www/worlddealer/images/5 sp_adv_nav.gif
99.05.19 19:19 B H:\worlddealer\images\5\sp_de_nav.gif --> montana.sigma6.net /www/worlddealer/images/5 sp_de_nav.gif
99.05.19 19:19 B H:\worlddealer\images\5\sp_se_nav.gif --> montana.sigma6.net /www/worlddealer/images/5 sp_se_nav.gif
99.05.19 19:19 B H:\worlddealer\images\5\sp_co_nav.gif --> montana.sigma6.net /www/worlddealer/images/5 sp_co_nav.gif
99.05.19 19:19 B H:\worlddealer\images\5\sp_ma_nav.gif --> montana.sigma6.net /www/worlddealer/images/5 sp_ma_nav.gif
99.05.19 19:19 B H:\worlddealer\images\5\col_sp_pr_nav.gif --> montana.sigma6.net /www/worlddealer/images/5 col_sp_pr_nav.gif
99.05.19 19:19 B H:\worlddealer\images\5\col_sp_sh_nav.gif --> montana.sigma6.net /www/worlddealer/images/5 col_sp_sh_nav.gif
99.05.19 19:19 B H:\worlddealer\images\5\col_sp_fi_nav.gif --> montana.sigma6.net /www/worlddealer/images/5 col_sp_fi_nav.gif
99.05.19 19:19 B H:\worlddealer\images\5\col_sp_ve_nav.gif --> montana.sigma6.net /www/worlddealer/images/5 col_sp_ve_nav.gif
99.05.19 19:19 B H:\worlddealer\images\5\col_sp_adv_nav.gif --> montana.sigma6.net /www/worlddealer/images/5 col_sp_adv_nav.gif
99.05.19 19:19 B H:\worlddealer\images\5\col_sp_dl_nav.gif --> montana.sigma6.net /www/worlddealer/images/5 col_sp_dl_nav.gif
99.05.19 19:19 B H:\worlddealer\images\5\col_sp_le_nav.gif --> montana.sigma6.net /www/worlddealer/images/5 col_sp_le_nav.gif
99.05.19 19:19 B H:\worlddealer\images\5\col_sp_ca_nav.gif --> montana.sigma6.net /www/worlddealer/images/5 col_sp_ca_nav.gif
99.05.19 19:19 B H:\worlddealer\images\5\bg.gif --> montana.sigma6.net /www/worlddealer/images/5 bg.gif
99.05.19 19:19 B H:\worlddealer\images\5\nav_logo_nav.gif --> montana.sigma6.net /www/worlddealer/images/5 nav_logo_nav.gif
99.05.19 19:19 B H:\worlddealer\images\5\nav_pr_nav.gif --> montana.sigma6.net /www/worlddealer/images/5 nav_pr_nav.gif
99.05.19 19:19 B H:\worlddealer\images\5\nav_qu_nav.gif --> montana.sigma6.net /www/worlddealer/images/5 nav_qu_nav.gif
99.05.19 19:19 B H:\worlddealer\images\5\nav_sh_nav.gif --> montana.sigma6.net /www/worlddealer/images/5 nav_sh_nav.gif
99.05.19 19:19 B H:\worlddealer\images\5\nav_fi_nav.gif --> montana.sigma6.net /www/worlddealer/images/5 nav_fi_nav.gif
99.05.19 19:19 B H:\worlddealer\images\5\nav_adv_nav.gif --> montana.sigma6.net /www/worlddealer/images/5 nav_adv_nav.gif
99.05.19 19:19 B H:\worlddealer\images\5\nav_le_nav.gif --> montana.sigma6.net /www/worlddealer/images/5 nav_le_nav.gif
99.05.19 19:19 B H:\worlddealer\images\5\nav_de_nav.gif --> montana.sigma6.net /www/worlddealer/images/5 nav_de_nav.gif
99.05.19 19:19 B H:\worlddealer\images\5\nav_ma_nav.gif --> montana.sigma6.net /www/worlddealer/images/5 nav_ma_nav.gif
99.05.19 19:19 B H:\worlddealer\images\5\nav_se_nav.gif --> montana.sigma6.net /www/worlddealer/images/5 nav_se_nav.gif
99.05.19 19:19 B H:\worlddealer\images\5\nav_ca_nav.gif --> montana.sigma6.net /www/worlddealer/images/5 nav_ca_nav.gif
99.05.19 19:19 B H:\worlddealer\images\5\nav_co_nav.gif --> montana.sigma6.net /www/worlddealer/images/5 nav_co_nav.gif
99.05.19 19:19 B H:\worlddealer\images\5\col_nav_pr_nav.gif --> montana.sigma6.net /www/worlddealer/images/5 col_nav_pr_nav.gif
99.05.19 19:19 B H:\worlddealer\images\5\col_nav_sh_nav.gif --> montana.sigma6.net /www/worlddealer/images/5 col_nav_sh_nav.gif
99.05.19 19:19 B H:\worlddealer\images\5\col_nav_adv_nav.gif --> montana.sigma6.net /www/worlddealer/images/5 col_nav_adv_nav.gif
99.05.19 19:19 B H:\worlddealer\images\5\col_nav_fo_nav.gif --> montana.sigma6.net /www/worlddealer/images/5 col_nav_fo_nav.gif
99.05.19 19:19 B H:\worlddealer\images\5\col_nav_le_nav.gif --> montana.sigma6.net /www/worlddealer/images/5 col_nav_le_nav.gif
99.05.19 19:19 B H:\worlddealer\images\5\col_nav_ve_nav.gif --> montana.sigma6.net /www/worlddealer/images/5 col_nav_ve_nav.gif
99.05.19 19:19 B H:\worlddealer\images\5\col_nav_ca_nav.gif --> montana.sigma6.net /www/worlddealer/images/5 col_nav_ca_nav.gif
99.05.19 19:19 B H:\worlddealer\images\5\col_nav_dl_nav.gif --> montana.sigma6.net /www/worlddealer/images/5 col_nav_dl_nav.gif
99.05.19 19:19 B H:\worlddealer\images\5\tle_why_hea.gif --> montana.sigma6.net /www/worlddealer/images/5 tle_why_hea.gif
99.05.19 19:19 B H:\worlddealer\images\5\frm_reset_nav.gif --> montana.sigma6.net /www/worlddealer/images/5 frm_reset_nav.gif
99.05.19 19:19 B H:\worlddealer\images\5\frm_submit_nav.gif --> montana.sigma6.net /www/worlddealer/images/5 frm_submit_nav.gif
99.05.19 19:19 B H:\worlddealer\images\5\frm_back_nav.gif --> montana.sigma6.net /www/worlddealer/images/5 frm_back_nav.gif
99.05.19 19:19 B H:\worlddealer\images\5\frm_next_nav.gif --> montana.sigma6.net /www/worlddealer/images/5 frm_next_nav.gif
99.05.19 19:19 B H:\worlddealer\images\5\frm_calculate_nav.gif --> montana.sigma6.net /www/worlddealer/images/5 frm_calculate_nav.gif
99.05.19 19:19 B H:\worlddealer\images\5\nav_getquote_nav.gif --> montana.sigma6.net /www/worlddealer/images/5 nav_getquote_nav.gif
99.05.19 19:19 B H:\worlddealer\images\5\se_part_nav.gif --> montana.sigma6.net /www/worlddealer/images/5 se_part_nav.gif
99.05.19 19:19 B H:\worlddealer\images\5\se_appt_nav.gif --> montana.sigma6.net /www/worlddealer/images/5 se_appt_nav.gif
99.05.19 19:19 B H:\worlddealer\images\5\tle_so_hea.gif --> montana.sigma6.net /www/worlddealer/images/5 tle_so_hea.gif
99.05.19 19:19 B H:\worlddealer\images\5\tle_dl_hea.gif --> montana.sigma6.net /www/worlddealer/images/5 tle_dl_hea.gif
99.05.19 19:20 B H:\worlddealer\images\5\tle_ve_hea.gif --> montana.sigma6.net /www/worlddealer/images/5 tle_ve_hea.gif
99.05.19 19:20 B H:\worlddealer\images\5\tle_ca_hea.gif --> montana.sigma6.net /www/worlddealer/images/5 tle_ca_hea.gif
99.05.19 19:20 B H:\worlddealer\images\5\tle_co_hea.gif --> montana.sigma6.net /www/worlddealer/images/5 tle_co_hea.gif
99.05.19 19:20 B H:\worlddealer\images\5\tle_ma_hea.gif --> montana.sigma6.net /www/worlddealer/images/5 tle_ma_hea.gif
99.05.19 19:20 B H:\worlddealer\images\5\tle_de_hea.gif --> montana.sigma6.net /www/worlddealer/images/5 tle_de_hea.gif
99.05.19 19:20 B H:\worlddealer\images\5\tle_se_hea.gif --> montana.sigma6.net /www/worlddealer/images/5 tle_se_hea.gif
99.05.19 19:20 B H:\worlddealer\images\5\tle_adv_hea.gif --> montana.sigma6.net /www/worlddealer/images/5 tle_adv_hea.gif
99.05.19 19:20 B H:\worlddealer\images\5\tle_le_hea.gif --> montana.sigma6.net /www/worlddealer/images/5 tle_le_hea.gif
99.05.19 19:20 B H:\worlddealer\images\5\tle_fi_hea.gif --> montana.sigma6.net /www/worlddealer/images/5 tle_fi_hea.gif
99.05.19 19:20 B H:\worlddealer\images\5\tle_pr_hea.gif --> montana.sigma6.net /www/worlddealer/images/5 tle_pr_hea.gif
99.05.19 19:20 B H:\worlddealer\images\5\tle_qu_hea.gif --> montana.sigma6.net /www/worlddealer/images/5 tle_qu_hea.gif
99.05.19 19:20 B H:\worlddealer\images\5\tle_sh_hea.gif --> montana.sigma6.net /www/worlddealer/images/5 tle_sh_hea.gif
99.05.19 19:20 B H:\worlddealer\images\5\f_5_veh_coupon_blank.gif --> montana.sigma6.net /www/worlddealer/images/5 f_5_veh_coupon_blank.gif
99.05.19 19:20 B H:\worlddealer\images\5\f_5_dlr_coupon_blank.gif --> montana.sigma6.net /www/worlddealer/images/5 f_5_dlr_coupon_blank.gif
99.05.19 19:20 B H:\worlddealer\images\5\f_5_ser_coupon_blank.gif --> montana.sigma6.net /www/worlddealer/images/5 f_5_ser_coupon_blank.gif
99.05.19 19:20 B H:\worlddealer\images\5\sp_02.gif --> montana.sigma6.net /www/worlddealer/images/5 sp_02.gif
99.05.19 19:20 B H:\worlddealer\images\5\sp_01.gif --> montana.sigma6.net /www/worlddealer/images/5 sp_01.gif
99.05.19 19:20 B H:\worlddealer\images\5\nav_noca_nav.gif --> montana.sigma6.net /www/worlddealer/images/5 nav_noca_nav.gif
99.05.19 19:20 B H:\worlddealer\images\5\tle_whoweare_hea.gif --> montana.sigma6.net /www/worlddealer/images/5 tle_whoweare_hea.gif
99.05.19 21:42 B H:\worlddealer\images\5\bg.gif --> montana.sigma6.net /www/worlddealer/images/5 bg.gif
99.05.19 21:42 B H:\worlddealer\images\5\blueIn.jpg --> montana.sigma6.net /www/worlddealer/images/5 blueIn.jpg
99.05.19 21:42 B H:\worlddealer\images\5\col_nav_adv_nav.gif --> montana.sigma6.net /www/worlddealer/images/5 col_nav_adv_nav.gif
99.05.19 21:42 B H:\worlddealer\images\5\col_nav_ca_nav.gif --> montana.sigma6.net /www/worlddealer/images/5 col_nav_ca_nav.gif
99.05.19 21:42 B H:\worlddealer\images\5\col_nav_dl_nav.gif --> montana.sigma6.net /www/worlddealer/images/5 col_nav_dl_nav.gif
99.05.19 21:42 B H:\worlddealer\images\5\col_nav_fo_nav.gif --> montana.sigma6.net /www/worlddealer/images/5 col_nav_fo_nav.gif
99.05.19 21:42 B H:\worlddealer\images\5\col_nav_le_nav.gif --> montana.sigma6.net /www/worlddealer/images/5 col_nav_le_nav.gif
99.05.19 21:42 B H:\worlddealer\images\5\col_nav_pr_nav.gif --> montana.sigma6.net /www/worlddealer/images/5 col_nav_pr_nav.gif
99.05.19 21:42 B H:\worlddealer\images\5\col_nav_sh_nav.gif --> montana.sigma6.net /www/worlddealer/images/5 col_nav_sh_nav.gif
99.05.19 21:42 B H:\worlddealer\images\5\col_nav_ve_nav.gif --> montana.sigma6.net /www/worlddealer/images/5 col_nav_ve_nav.gif
99.05.19 21:42 B H:\worlddealer\images\5\col_sp_adv_nav.gif --> montana.sigma6.net /www/worlddealer/images/5 col_sp_adv_nav.gif
99.05.19 21:42 B H:\worlddealer\images\5\col_sp_ca_nav.gif --> montana.sigma6.net /www/worlddealer/images/5 col_sp_ca_nav.gif
99.05.19 21:42 B H:\worlddealer\images\5\col_sp_dl_nav.gif --> montana.sigma6.net /www/worlddealer/images/5 col_sp_dl_nav.gif
99.05.19 21:42 B H:\worlddealer\images\5\col_sp_fi_nav.gif --> montana.sigma6.net /www/worlddealer/images/5 col_sp_fi_nav.gif
99.05.19 21:42 B H:\worlddealer\images\5\col_sp_le_nav.gif --> montana.sigma6.net /www/worlddealer/images/5 col_sp_le_nav.gif
99.05.19 21:42 B H:\worlddealer\images\5\col_sp_logo_nav.gif --> montana.sigma6.net /www/worlddealer/images/5 col_sp_logo_nav.gif
99.05.19 21:42 B H:\worlddealer\images\5\col_sp_pr_nav.gif --> montana.sigma6.net /www/worlddealer/images/5 col_sp_pr_nav.gif
99.05.19 21:42 B H:\worlddealer\images\5\col_sp_sh_nav.gif --> montana.sigma6.net /www/worlddealer/images/5 col_sp_sh_nav.gif
99.05.19 21:42 B H:\worlddealer\images\5\col_sp_ve_nav.gif --> montana.sigma6.net /www/worlddealer/images/5 col_sp_ve_nav.gif
99.05.19 21:42 B H:\worlddealer\images\5\f_5_dlr_coupon_blank.gif --> montana.sigma6.net /www/worlddealer/images/5 f_5_dlr_coupon_blank.gif
99.05.19 21:42 B H:\worlddealer\images\5\f_5_ser_coupon_blank.gif --> montana.sigma6.net /www/worlddealer/images/5 f_5_ser_coupon_blank.gif
99.05.19 21:42 B H:\worlddealer\images\5\f_5_veh_coupon_blank.gif --> montana.sigma6.net /www/worlddealer/images/5 f_5_veh_coupon_blank.gif
99.05.19 21:42 B H:\worlddealer\images\5\frm_back_nav.gif --> montana.sigma6.net /www/worlddealer/images/5 frm_back_nav.gif
99.05.19 21:42 B H:\worlddealer\images\5\frm_calculate_nav.gif --> montana.sigma6.net /www/worlddealer/images/5 frm_calculate_nav.gif
99.05.19 21:42 B H:\worlddealer\images\5\frm_next_nav.gif --> montana.sigma6.net /www/worlddealer/images/5 frm_next_nav.gif
99.05.19 21:42 B H:\worlddealer\images\5\frm_reset_nav.gif --> montana.sigma6.net /www/worlddealer/images/5 frm_reset_nav.gif
99.05.19 21:42 B H:\worlddealer\images\5\frm_submit_nav.gif --> montana.sigma6.net /www/worlddealer/images/5 frm_submit_nav.gif
99.05.19 21:42 B H:\worlddealer\images\5\map_zoomin_nav.gif --> montana.sigma6.net /www/worlddealer/images/5 map_zoomin_nav.gif
99.05.19 21:42 B H:\worlddealer\images\5\map_zoomout_nav.gif --> montana.sigma6.net /www/worlddealer/images/5 map_zoomout_nav.gif
99.05.19 21:42 B H:\worlddealer\images\5\nav_adv_nav.gif --> montana.sigma6.net /www/worlddealer/images/5 nav_adv_nav.gif
99.05.19 21:42 B H:\worlddealer\images\5\nav_ca_nav.gif --> montana.sigma6.net /www/worlddealer/images/5 nav_ca_nav.gif
99.05.19 21:42 B H:\worlddealer\images\5\nav_co_nav.gif --> montana.sigma6.net /www/worlddealer/images/5 nav_co_nav.gif
99.05.19 21:42 B H:\worlddealer\images\5\nav_collage_nav.jpg --> montana.sigma6.net /www/worlddealer/images/5 nav_collage_nav.jpg
99.05.19 21:42 B H:\worlddealer\images\5\nav_de_nav.gif --> montana.sigma6.net /www/worlddealer/images/5 nav_de_nav.gif
99.05.19 21:42 B H:\worlddealer\images\5\nav_fi_nav.gif --> montana.sigma6.net /www/worlddealer/images/5 nav_fi_nav.gif
99.05.19 21:42 B H:\worlddealer\images\5\nav_getquote_nav.gif --> montana.sigma6.net /www/worlddealer/images/5 nav_getquote_nav.gif
99.05.19 21:43 B H:\worlddealer\images\5\nav_le_nav.gif --> montana.sigma6.net /www/worlddealer/images/5 nav_le_nav.gif
99.05.19 21:43 B H:\worlddealer\images\5\nav_logo_nav.gif --> montana.sigma6.net /www/worlddealer/images/5 nav_logo_nav.gif
99.05.19 21:43 B H:\worlddealer\images\5\nav_ma_nav.gif --> montana.sigma6.net /www/worlddealer/images/5 nav_ma_nav.gif
99.05.19 21:43 B H:\worlddealer\images\5\nav_noca_nav.gif --> montana.sigma6.net /www/worlddealer/images/5 nav_noca_nav.gif
99.05.19 21:43 B H:\worlddealer\images\5\nav_pr_nav.gif --> montana.sigma6.net /www/worlddealer/images/5 nav_pr_nav.gif
99.05.19 21:43 B H:\worlddealer\images\5\nav_qu_nav.gif --> montana.sigma6.net /www/worlddealer/images/5 nav_qu_nav.gif
99.05.19 21:43 B H:\worlddealer\images\5\nav_se_nav.gif --> montana.sigma6.net /www/worlddealer/images/5 nav_se_nav.gif
99.05.19 21:43 B H:\worlddealer\images\5\nav_sh_nav.gif --> montana.sigma6.net /www/worlddealer/images/5 nav_sh_nav.gif
99.05.19 21:43 B H:\worlddealer\images\5\se_appt_nav.gif --> montana.sigma6.net /www/worlddealer/images/5 se_appt_nav.gif
99.05.19 21:43 B H:\worlddealer\images\5\se_part_nav.gif --> montana.sigma6.net /www/worlddealer/images/5 se_part_nav.gif
99.05.19 21:43 B H:\worlddealer\images\5\sp_01.gif --> montana.sigma6.net /www/worlddealer/images/5 sp_01.gif
99.05.19 21:43 B H:\worlddealer\images\5\sp_02.gif --> montana.sigma6.net /www/worlddealer/images/5 sp_02.gif
99.05.19 21:43 B H:\worlddealer\images\5\sp_adv_nav.gif --> montana.sigma6.net /www/worlddealer/images/5 sp_adv_nav.gif
99.05.19 21:43 B H:\worlddealer\images\5\sp_co_nav.gif --> montana.sigma6.net /www/worlddealer/images/5 sp_co_nav.gif
99.05.19 21:43 B H:\worlddealer\images\5\sp_de_nav.gif --> montana.sigma6.net /www/worlddealer/images/5 sp_de_nav.gif
99.05.19 21:43 B H:\worlddealer\images\5\sp_fi_nav.gif --> montana.sigma6.net /www/worlddealer/images/5 sp_fi_nav.gif
99.05.19 21:43 B H:\worlddealer\images\5\sp_le_nav.gif --> montana.sigma6.net /www/worlddealer/images/5 sp_le_nav.gif
99.05.19 21:43 B H:\worlddealer\images\5\sp_logo_nav.gif --> montana.sigma6.net /www/worlddealer/images/5 sp_logo_nav.gif
99.05.19 21:43 B H:\worlddealer\images\5\sp_ma_nav.gif --> montana.sigma6.net /www/worlddealer/images/5 sp_ma_nav.gif
99.05.19 21:43 B H:\worlddealer\images\5\sp_pr_nav.gif --> montana.sigma6.net /www/worlddealer/images/5 sp_pr_nav.gif
99.05.19 21:43 B H:\worlddealer\images\5\sp_qu_nav.gif --> montana.sigma6.net /www/worlddealer/images/5 sp_qu_nav.gif
99.05.19 21:43 B H:\worlddealer\images\5\sp_se_nav.gif --> montana.sigma6.net /www/worlddealer/images/5 sp_se_nav.gif
99.05.19 21:43 B H:\worlddealer\images\5\sp_sh_nav.gif --> montana.sigma6.net /www/worlddealer/images/5 sp_sh_nav.gif
99.05.19 21:43 B H:\worlddealer\images\5\splash.jpg --> montana.sigma6.net /www/worlddealer/images/5 splash.jpg
99.05.19 21:43 B H:\worlddealer\images\5\tle_adv_hea.gif --> montana.sigma6.net /www/worlddealer/images/5 tle_adv_hea.gif
99.05.19 21:43 B H:\worlddealer\images\5\tle_ca_hea.gif --> montana.sigma6.net /www/worlddealer/images/5 tle_ca_hea.gif
99.05.19 21:43 B H:\worlddealer\images\5\tle_co_hea.gif --> montana.sigma6.net /www/worlddealer/images/5 tle_co_hea.gif
99.05.19 21:43 B H:\worlddealer\images\5\tle_de_hea.gif --> montana.sigma6.net /www/worlddealer/images/5 tle_de_hea.gif
99.05.19 21:43 B H:\worlddealer\images\5\tle_dl_hea.gif --> montana.sigma6.net /www/worlddealer/images/5 tle_dl_hea.gif
99.05.19 21:43 B H:\worlddealer\images\5\tle_fi_hea.gif --> montana.sigma6.net /www/worlddealer/images/5 tle_fi_hea.gif
99.05.19 21:43 B H:\worlddealer\images\5\tle_le_hea.gif --> montana.sigma6.net /www/worlddealer/images/5 tle_le_hea.gif
99.05.19 21:43 B H:\worlddealer\images\5\tle_ma_hea.gif --> montana.sigma6.net /www/worlddealer/images/5 tle_ma_hea.gif
99.05.19 21:43 B H:\worlddealer\images\5\tle_pr_hea.gif --> montana.sigma6.net /www/worlddealer/images/5 tle_pr_hea.gif
99.05.19 21:43 B H:\worlddealer\images\5\tle_qu_hea.gif --> montana.sigma6.net /www/worlddealer/images/5 tle_qu_hea.gif
99.05.19 21:43 B H:\worlddealer\images\5\tle_se_hea.gif --> montana.sigma6.net /www/worlddealer/images/5 tle_se_hea.gif
99.05.19 21:43 B H:\worlddealer\images\5\tle_sh_hea.gif --> montana.sigma6.net /www/worlddealer/images/5 tle_sh_hea.gif
99.05.19 21:43 B H:\worlddealer\images\5\tle_so_hea.gif --> montana.sigma6.net /www/worlddealer/images/5 tle_so_hea.gif
99.05.19 21:43 B H:\worlddealer\images\5\tle_ve_hea.gif --> montana.sigma6.net /www/worlddealer/images/5 tle_ve_hea.gif
99.05.19 21:43 B H:\worlddealer\images\5\tle_whoweare_hea.gif --> montana.sigma6.net /www/worlddealer/images/5 tle_whoweare_hea.gif
99.05.19 21:43 B H:\worlddealer\images\5\tle_why_hea.gif --> montana.sigma6.net /www/worlddealer/images/5 tle_why_hea.gif
