99.08.20 17:47 B H:\worlddealer\images\7\bg.gif --> montana.sigma6.net /www/worlddealer/images/7 bg.gif
99.08.20 17:47 B H:\worlddealer\images\7\f_7_dlr_coupon_blank.gif --> montana.sigma6.net /www/worlddealer/images/7 f_7_dlr_coupon_blank.gif
99.08.20 17:47 B H:\worlddealer\images\7\f_7_ser_coupon_blank.gif --> montana.sigma6.net /www/worlddealer/images/7 f_7_ser_coupon_blank.gif
99.08.20 17:47 B H:\worlddealer\images\7\f_7_veh_coupon_blank.gif --> montana.sigma6.net /www/worlddealer/images/7 f_7_veh_coupon_blank.gif
99.08.20 17:47 B H:\worlddealer\images\7\f_sp_x_7_hea.gif --> montana.sigma6.net /www/worlddealer/images/7 f_sp_x_7_hea.gif
99.08.20 17:47 B H:\worlddealer\images\7\f_x_7_logo_hea.gif --> montana.sigma6.net /www/worlddealer/images/7 f_x_7_logo_hea.gif
99.08.20 17:47 B H:\worlddealer\images\7\frm_back_nav.gif --> montana.sigma6.net /www/worlddealer/images/7 frm_back_nav.gif
99.08.20 17:47 B H:\worlddealer\images\7\frm_calculate_nav.gif --> montana.sigma6.net /www/worlddealer/images/7 frm_calculate_nav.gif
99.08.20 17:47 B H:\worlddealer\images\7\frm_next_nav.gif --> montana.sigma6.net /www/worlddealer/images/7 frm_next_nav.gif
99.08.20 17:47 B H:\worlddealer\images\7\frm_reset_nav.gif --> montana.sigma6.net /www/worlddealer/images/7 frm_reset_nav.gif
99.08.20 17:47 B H:\worlddealer\images\7\frm_submit_nav.gif --> montana.sigma6.net /www/worlddealer/images/7 frm_submit_nav.gif
99.08.20 17:47 B H:\worlddealer\images\7\map_zoomin_nav.gif --> montana.sigma6.net /www/worlddealer/images/7 map_zoomin_nav.gif
99.08.20 17:47 B H:\worlddealer\images\7\map_zoomout_nav.gif --> montana.sigma6.net /www/worlddealer/images/7 map_zoomout_nav.gif
99.08.20 17:47 B H:\worlddealer\images\7\nav_adv_nav.gif --> montana.sigma6.net /www/worlddealer/images/7 nav_adv_nav.gif
99.08.20 17:47 B H:\worlddealer\images\7\nav_co_nav.gif --> montana.sigma6.net /www/worlddealer/images/7 nav_co_nav.gif
99.08.20 17:47 B H:\worlddealer\images\7\nav_de_nav.gif --> montana.sigma6.net /www/worlddealer/images/7 nav_de_nav.gif
99.08.20 17:47 B H:\worlddealer\images\7\nav_fi_nav.gif --> montana.sigma6.net /www/worlddealer/images/7 nav_fi_nav.gif
99.08.20 17:47 B H:\worlddealer\images\7\nav_getquote_nav.gif --> montana.sigma6.net /www/worlddealer/images/7 nav_getquote_nav.gif
99.08.20 17:48 B H:\worlddealer\images\7\nav_le_nav.gif --> montana.sigma6.net /www/worlddealer/images/7 nav_le_nav.gif
99.08.20 17:48 B H:\worlddealer\images\7\nav_ma_nav.gif --> montana.sigma6.net /www/worlddealer/images/7 nav_ma_nav.gif
99.08.20 17:48 B H:\worlddealer\images\7\nav_noca_nav.gif --> montana.sigma6.net /www/worlddealer/images/7 nav_noca_nav.gif
99.08.20 17:48 B H:\worlddealer\images\7\nav_pr_nav.gif --> montana.sigma6.net /www/worlddealer/images/7 nav_pr_nav.gif
99.08.20 17:48 B H:\worlddealer\images\7\nav_qu_nav.gif --> montana.sigma6.net /www/worlddealer/images/7 nav_qu_nav.gif
99.08.20 17:48 B H:\worlddealer\images\7\nav_se_nav.gif --> montana.sigma6.net /www/worlddealer/images/7 nav_se_nav.gif
99.08.20 17:48 B H:\worlddealer\images\7\nav_sh_nav.gif --> montana.sigma6.net /www/worlddealer/images/7 nav_sh_nav.gif
99.08.20 17:48 B H:\worlddealer\images\7\se_appt_nav.gif --> montana.sigma6.net /www/worlddealer/images/7 se_appt_nav.gif
99.08.20 17:48 B H:\worlddealer\images\7\se_part_nav.gif --> montana.sigma6.net /www/worlddealer/images/7 se_part_nav.gif
99.08.20 17:48 B H:\worlddealer\images\7\sp_adv_nav.gif --> montana.sigma6.net /www/worlddealer/images/7 sp_adv_nav.gif
99.08.20 17:48 B H:\worlddealer\images\7\sp_bg.gif --> montana.sigma6.net /www/worlddealer/images/7 sp_bg.gif
99.08.20 17:48 B H:\worlddealer\images\7\sp_co_nav.gif --> montana.sigma6.net /www/worlddealer/images/7 sp_co_nav.gif
99.08.20 17:48 B H:\worlddealer\images\7\sp_de_nav.gif --> montana.sigma6.net /www/worlddealer/images/7 sp_de_nav.gif
99.08.20 17:48 B H:\worlddealer\images\7\sp_fi_nav.gif --> montana.sigma6.net /www/worlddealer/images/7 sp_fi_nav.gif
99.08.20 17:48 B H:\worlddealer\images\7\sp_le_nav.gif --> montana.sigma6.net /www/worlddealer/images/7 sp_le_nav.gif
99.08.20 17:48 B H:\worlddealer\images\7\sp_ma_nav.gif --> montana.sigma6.net /www/worlddealer/images/7 sp_ma_nav.gif
99.08.20 17:48 B H:\worlddealer\images\7\sp_mtnroad.gif --> montana.sigma6.net /www/worlddealer/images/7 sp_mtnroad.gif
99.08.20 17:48 B H:\worlddealer\images\7\sp_pr_nav.gif --> montana.sigma6.net /www/worlddealer/images/7 sp_pr_nav.gif
99.08.20 17:48 B H:\worlddealer\images\7\sp_qu_nav.gif --> montana.sigma6.net /www/worlddealer/images/7 sp_qu_nav.gif
99.08.20 17:48 B H:\worlddealer\images\7\sp_se_nav.gif --> montana.sigma6.net /www/worlddealer/images/7 sp_se_nav.gif
99.08.20 17:48 B H:\worlddealer\images\7\sp_sh_nav.gif --> montana.sigma6.net /www/worlddealer/images/7 sp_sh_nav.gif
99.08.20 17:48 B H:\worlddealer\images\7\sp_whitebar.gif --> montana.sigma6.net /www/worlddealer/images/7 sp_whitebar.gif
99.08.20 17:48 B H:\worlddealer\images\7\tle_adv_hea.gif --> montana.sigma6.net /www/worlddealer/images/7 tle_adv_hea.gif
99.08.20 17:48 B H:\worlddealer\images\7\tle_co_hea.gif --> montana.sigma6.net /www/worlddealer/images/7 tle_co_hea.gif
99.08.20 17:48 B H:\worlddealer\images\7\tle_de_hea.gif --> montana.sigma6.net /www/worlddealer/images/7 tle_de_hea.gif
99.08.20 17:48 B H:\worlddealer\images\7\tle_fi_hea.gif --> montana.sigma6.net /www/worlddealer/images/7 tle_fi_hea.gif
99.08.20 17:48 B H:\worlddealer\images\7\tle_le_hea.gif --> montana.sigma6.net /www/worlddealer/images/7 tle_le_hea.gif
99.08.20 17:48 B H:\worlddealer\images\7\tle_ma_hea.gif --> montana.sigma6.net /www/worlddealer/images/7 tle_ma_hea.gif
99.08.20 17:48 B H:\worlddealer\images\7\tle_pr_hea.gif --> montana.sigma6.net /www/worlddealer/images/7 tle_pr_hea.gif
99.08.20 17:48 B H:\worlddealer\images\7\tle_qu_hea.gif --> montana.sigma6.net /www/worlddealer/images/7 tle_qu_hea.gif
99.08.20 17:48 B H:\worlddealer\images\7\tle_se_hea.gif --> montana.sigma6.net /www/worlddealer/images/7 tle_se_hea.gif
99.08.20 17:48 B H:\worlddealer\images\7\tle_sh_hea.gif --> montana.sigma6.net /www/worlddealer/images/7 tle_sh_hea.gif
99.08.20 17:48 B H:\worlddealer\images\7\tle_why_hea.gif --> montana.sigma6.net /www/worlddealer/images/7 tle_why_hea.gif
99.08.25 13:59 B H:\worlddealer\images\7\bg.gif --> montana.sigma6.net /www/worlddealer/images/7 bg.gif
99.08.25 13:59 B H:\worlddealer\images\7\Col_nav_noca_nav.gif --> montana.sigma6.net /www/worlddealer/images/7 Col_nav_noca_nav.gif
99.08.25 13:59 B H:\worlddealer\images\7\f_7_dlr_coupon_blank.gif --> montana.sigma6.net /www/worlddealer/images/7 f_7_dlr_coupon_blank.gif
99.08.25 13:59 B H:\worlddealer\images\7\f_7_ser_coupon_blank.gif --> montana.sigma6.net /www/worlddealer/images/7 f_7_ser_coupon_blank.gif
99.08.25 13:59 B H:\worlddealer\images\7\f_7_veh_coupon_blank.gif --> montana.sigma6.net /www/worlddealer/images/7 f_7_veh_coupon_blank.gif
99.08.25 13:59 B H:\worlddealer\images\7\f_sp_x_7_hea.gif --> montana.sigma6.net /www/worlddealer/images/7 f_sp_x_7_hea.gif
99.08.25 13:59 B H:\worlddealer\images\7\f_x_7_logo_hea.gif --> montana.sigma6.net /www/worlddealer/images/7 f_x_7_logo_hea.gif
99.08.25 13:59 B H:\worlddealer\images\7\frm_back_nav.gif --> montana.sigma6.net /www/worlddealer/images/7 frm_back_nav.gif
99.08.25 13:59 B H:\worlddealer\images\7\frm_calculate_nav.gif --> montana.sigma6.net /www/worlddealer/images/7 frm_calculate_nav.gif
99.08.25 13:59 B H:\worlddealer\images\7\frm_next_nav.gif --> montana.sigma6.net /www/worlddealer/images/7 frm_next_nav.gif
99.08.25 13:59 B H:\worlddealer\images\7\frm_reset_nav.gif --> montana.sigma6.net /www/worlddealer/images/7 frm_reset_nav.gif
99.08.25 13:59 B H:\worlddealer\images\7\frm_submit_nav.gif --> montana.sigma6.net /www/worlddealer/images/7 frm_submit_nav.gif
99.08.25 13:59 B H:\worlddealer\images\7\map_zoomin_nav.gif --> montana.sigma6.net /www/worlddealer/images/7 map_zoomin_nav.gif
99.08.25 13:59 B H:\worlddealer\images\7\map_zoomout_nav.gif --> montana.sigma6.net /www/worlddealer/images/7 map_zoomout_nav.gif
99.08.25 13:59 B H:\worlddealer\images\7\nav_adv_nav.gif --> montana.sigma6.net /www/worlddealer/images/7 nav_adv_nav.gif
99.08.25 13:59 B H:\worlddealer\images\7\nav_co_nav.gif --> montana.sigma6.net /www/worlddealer/images/7 nav_co_nav.gif
99.08.25 13:59 B H:\worlddealer\images\7\nav_de_nav.gif --> montana.sigma6.net /www/worlddealer/images/7 nav_de_nav.gif
99.08.25 13:59 B H:\worlddealer\images\7\nav_fi_nav.gif --> montana.sigma6.net /www/worlddealer/images/7 nav_fi_nav.gif
99.08.25 13:59 B H:\worlddealer\images\7\nav_getquote_nav.gif --> montana.sigma6.net /www/worlddealer/images/7 nav_getquote_nav.gif
99.08.25 13:59 B H:\worlddealer\images\7\nav_le_nav.gif --> montana.sigma6.net /www/worlddealer/images/7 nav_le_nav.gif
99.08.25 13:59 B H:\worlddealer\images\7\nav_ma_nav.gif --> montana.sigma6.net /www/worlddealer/images/7 nav_ma_nav.gif
99.08.25 13:59 B H:\worlddealer\images\7\nav_noca_nav.gif --> montana.sigma6.net /www/worlddealer/images/7 nav_noca_nav.gif
99.08.25 13:59 B H:\worlddealer\images\7\nav_pr_nav.gif --> montana.sigma6.net /www/worlddealer/images/7 nav_pr_nav.gif
99.08.25 13:59 B H:\worlddealer\images\7\nav_qu_nav.gif --> montana.sigma6.net /www/worlddealer/images/7 nav_qu_nav.gif
99.08.25 13:59 B H:\worlddealer\images\7\nav_se_nav.gif --> montana.sigma6.net /www/worlddealer/images/7 nav_se_nav.gif
99.08.25 13:59 B H:\worlddealer\images\7\nav_sh_nav.gif --> montana.sigma6.net /www/worlddealer/images/7 nav_sh_nav.gif
99.08.25 13:59 B H:\worlddealer\images\7\se_appt_nav.gif --> montana.sigma6.net /www/worlddealer/images/7 se_appt_nav.gif
99.08.25 13:59 B H:\worlddealer\images\7\se_part_nav.gif --> montana.sigma6.net /www/worlddealer/images/7 se_part_nav.gif
99.08.25 13:59 B H:\worlddealer\images\7\sp_adv_nav.gif --> montana.sigma6.net /www/worlddealer/images/7 sp_adv_nav.gif
99.08.25 13:59 B H:\worlddealer\images\7\sp_bg.gif --> montana.sigma6.net /www/worlddealer/images/7 sp_bg.gif
99.08.25 13:59 B H:\worlddealer\images\7\sp_co_nav.gif --> montana.sigma6.net /www/worlddealer/images/7 sp_co_nav.gif
99.08.25 13:59 B H:\worlddealer\images\7\sp_de_nav.gif --> montana.sigma6.net /www/worlddealer/images/7 sp_de_nav.gif
99.08.25 13:59 B H:\worlddealer\images\7\sp_fi_nav.gif --> montana.sigma6.net /www/worlddealer/images/7 sp_fi_nav.gif
99.08.25 13:59 B H:\worlddealer\images\7\sp_le_nav.gif --> montana.sigma6.net /www/worlddealer/images/7 sp_le_nav.gif
99.08.25 13:59 B H:\worlddealer\images\7\sp_ma_nav.gif --> montana.sigma6.net /www/worlddealer/images/7 sp_ma_nav.gif
99.08.25 14:00 B H:\worlddealer\images\7\sp_mtnroad.gif --> montana.sigma6.net /www/worlddealer/images/7 sp_mtnroad.gif
99.08.25 14:00 B H:\worlddealer\images\7\sp_pr_nav.gif --> montana.sigma6.net /www/worlddealer/images/7 sp_pr_nav.gif
99.08.25 14:00 B H:\worlddealer\images\7\sp_qu_nav.gif --> montana.sigma6.net /www/worlddealer/images/7 sp_qu_nav.gif
99.08.25 14:00 B H:\worlddealer\images\7\sp_se_nav.gif --> montana.sigma6.net /www/worlddealer/images/7 sp_se_nav.gif
99.08.25 14:00 B H:\worlddealer\images\7\sp_sh_nav.gif --> montana.sigma6.net /www/worlddealer/images/7 sp_sh_nav.gif
99.08.25 14:00 B H:\worlddealer\images\7\sp_whitebar.gif --> montana.sigma6.net /www/worlddealer/images/7 sp_whitebar.gif
99.08.25 14:00 B H:\worlddealer\images\7\tle_adv_hea.gif --> montana.sigma6.net /www/worlddealer/images/7 tle_adv_hea.gif
99.08.25 14:00 B H:\worlddealer\images\7\tle_co_hea.gif --> montana.sigma6.net /www/worlddealer/images/7 tle_co_hea.gif
99.08.25 14:00 B H:\worlddealer\images\7\tle_de_hea.gif --> montana.sigma6.net /www/worlddealer/images/7 tle_de_hea.gif
99.08.25 14:00 B H:\worlddealer\images\7\tle_fi_hea.gif --> montana.sigma6.net /www/worlddealer/images/7 tle_fi_hea.gif
99.08.25 14:00 B H:\worlddealer\images\7\tle_le_hea.gif --> montana.sigma6.net /www/worlddealer/images/7 tle_le_hea.gif
99.08.25 14:00 B H:\worlddealer\images\7\tle_ma_hea.gif --> montana.sigma6.net /www/worlddealer/images/7 tle_ma_hea.gif
99.08.25 14:00 B H:\worlddealer\images\7\tle_pr_hea.gif --> montana.sigma6.net /www/worlddealer/images/7 tle_pr_hea.gif
99.08.25 14:00 B H:\worlddealer\images\7\tle_qu_hea.gif --> montana.sigma6.net /www/worlddealer/images/7 tle_qu_hea.gif
99.08.25 14:00 B H:\worlddealer\images\7\tle_se_hea.gif --> montana.sigma6.net /www/worlddealer/images/7 tle_se_hea.gif
99.08.25 14:00 B H:\worlddealer\images\7\tle_sh_hea.gif --> montana.sigma6.net /www/worlddealer/images/7 tle_sh_hea.gif
99.08.25 14:00 B H:\worlddealer\images\7\tle_why_hea.gif --> montana.sigma6.net /www/worlddealer/images/7 tle_why_hea.gif
99.08.26 10:30 B H:\worlddealer\images\7\tle_whoweare_hea.gif --> montana.sigma6.net /www/worlddealer/images/7 tle_whoweare_hea.gif
99.08.26 10:30 B H:\worlddealer\images\7\tle_why_hea.gif --> montana.sigma6.net /www/worlddealer/images/7 tle_why_hea.gif
99.08.26 10:31 B H:\worlddealer\images\7\tle_adv_hea.gif --> montana.sigma6.net /www/worlddealer/images/7 tle_adv_hea.gif
99.08.26 10:31 B H:\worlddealer\images\7\tle_pr_hea.gif --> montana.sigma6.net /www/worlddealer/images/7 tle_pr_hea.gif
99.08.26 10:31 B H:\worlddealer\images\7\tle_so_hea.gif --> montana.sigma6.net /www/worlddealer/images/7 tle_so_hea.gif
99.08.26 10:31 B H:\worlddealer\images\7\tle_why_hea.gif --> montana.sigma6.net /www/worlddealer/images/7 tle_why_hea.gif
99.08.26 10:31 B H:\worlddealer\images\7\tle_whoweare_hea.gif --> montana.sigma6.net /www/worlddealer/images/7 tle_whoweare_hea.gif
99.08.26 10:31 B H:\worlddealer\images\7\tle_ve_hea.gif --> montana.sigma6.net /www/worlddealer/images/7 tle_ve_hea.gif
99.08.26 10:31 B H:\worlddealer\images\7\tle_fi_hea.gif --> montana.sigma6.net /www/worlddealer/images/7 tle_fi_hea.gif
99.08.26 10:31 B H:\worlddealer\images\7\tle_se_hea2.gif --> montana.sigma6.net /www/worlddealer/images/7 tle_se_hea2.gif
99.08.26 10:31 B H:\worlddealer\images\7\tle_sh_hea.gif --> montana.sigma6.net /www/worlddealer/images/7 tle_sh_hea.gif
99.08.26 10:31 B H:\worlddealer\images\7\tle_le_hea.gif --> montana.sigma6.net /www/worlddealer/images/7 tle_le_hea.gif
99.08.26 10:31 B H:\worlddealer\images\7\tle_dl_hea.gif --> montana.sigma6.net /www/worlddealer/images/7 tle_dl_hea.gif
99.08.26 10:31 B H:\worlddealer\images\7\tle_se_hea.gif --> montana.sigma6.net /www/worlddealer/images/7 tle_se_hea.gif
99.08.26 10:31 B H:\worlddealer\images\7\tle_ma_hea.gif --> montana.sigma6.net /www/worlddealer/images/7 tle_ma_hea.gif
99.08.26 10:31 B H:\worlddealer\images\7\tle_ca_hea.gif --> montana.sigma6.net /www/worlddealer/images/7 tle_ca_hea.gif
99.08.26 10:31 B H:\worlddealer\images\7\tle_qu_hea.gif --> montana.sigma6.net /www/worlddealer/images/7 tle_qu_hea.gif
99.08.26 10:31 B H:\worlddealer\images\7\tle_co_hea.gif --> montana.sigma6.net /www/worlddealer/images/7 tle_co_hea.gif
99.08.26 10:31 B H:\worlddealer\images\7\tle_de_hea.gif --> montana.sigma6.net /www/worlddealer/images/7 tle_de_hea.gif
99.08.26 10:58 B H:\worlddealer\images\7\nav_noca_nav.gif --> montana.sigma6.net /www/worlddealer/images/7 nav_noca_nav.gif
99.08.26 10:58 B H:\worlddealer\images\7\nav_se_nav.gif --> montana.sigma6.net /www/worlddealer/images/7 nav_se_nav.gif
99.08.26 10:58 B H:\worlddealer\images\7\nav_ma_nav.gif --> montana.sigma6.net /www/worlddealer/images/7 nav_ma_nav.gif
99.08.26 10:58 B H:\worlddealer\images\7\nav_le_nav.gif --> montana.sigma6.net /www/worlddealer/images/7 nav_le_nav.gif
99.08.26 10:58 B H:\worlddealer\images\7\nav_de_nav.gif --> montana.sigma6.net /www/worlddealer/images/7 nav_de_nav.gif
99.08.26 10:58 B H:\worlddealer\images\7\nav_co_nav.gif --> montana.sigma6.net /www/worlddealer/images/7 nav_co_nav.gif
99.08.26 10:58 B H:\worlddealer\images\7\nav_ca_nav.gif --> montana.sigma6.net /www/worlddealer/images/7 nav_ca_nav.gif
99.08.26 10:58 B H:\worlddealer\images\7\nav_sh_nav.gif --> montana.sigma6.net /www/worlddealer/images/7 nav_sh_nav.gif
99.08.26 10:58 B H:\worlddealer\images\7\nav_qu_nav.gif --> montana.sigma6.net /www/worlddealer/images/7 nav_qu_nav.gif
99.08.26 10:59 B H:\worlddealer\images\7\nav_noca_nav.gif --> montana.sigma6.net /www/worlddealer/images/7 nav_noca_nav.gif
99.08.26 10:59 B H:\worlddealer\images\7\nav_se_nav.gif --> montana.sigma6.net /www/worlddealer/images/7 nav_se_nav.gif
99.08.26 10:59 B H:\worlddealer\images\7\nav_ma_nav.gif --> montana.sigma6.net /www/worlddealer/images/7 nav_ma_nav.gif
99.08.26 10:59 B H:\worlddealer\images\7\nav_le_nav.gif --> montana.sigma6.net /www/worlddealer/images/7 nav_le_nav.gif
99.08.26 10:59 B H:\worlddealer\images\7\nav_de_nav.gif --> montana.sigma6.net /www/worlddealer/images/7 nav_de_nav.gif
99.08.26 10:59 B H:\worlddealer\images\7\nav_co_nav.gif --> montana.sigma6.net /www/worlddealer/images/7 nav_co_nav.gif
99.08.26 10:59 B H:\worlddealer\images\7\nav_ca_nav.gif --> montana.sigma6.net /www/worlddealer/images/7 nav_ca_nav.gif
99.08.26 10:59 B H:\worlddealer\images\7\nav_sh_nav.gif --> montana.sigma6.net /www/worlddealer/images/7 nav_sh_nav.gif
99.08.26 10:59 B H:\worlddealer\images\7\nav_qu_nav.gif --> montana.sigma6.net /www/worlddealer/images/7 nav_qu_nav.gif
99.08.26 10:59 B H:\worlddealer\images\7\nav_pr_nav.gif --> montana.sigma6.net /www/worlddealer/images/7 nav_pr_nav.gif
99.08.26 11:00 B H:\worlddealer\images\7\nav_fi_nav.gif --> montana.sigma6.net /www/worlddealer/images/7 nav_fi_nav.gif
99.08.26 11:00 B H:\worlddealer\images\7\nav_adv_nav.gif --> montana.sigma6.net /www/worlddealer/images/7 nav_adv_nav.gif
99.08.26 18:40 B H:\worlddealer\images\7\f_x_7_logo_hea.gif --> montana.sigma6.net /www/worlddealer/images/7 f_x_7_logo_hea.gif
99.08.26 18:40 B H:\worlddealer\images\7\nav_noca_nav.gif --> montana.sigma6.net /www/worlddealer/images/7 nav_noca_nav.gif
99.08.26 18:40 B H:\worlddealer\images\7\nav_se_nav.gif --> montana.sigma6.net /www/worlddealer/images/7 nav_se_nav.gif
99.08.26 18:40 B H:\worlddealer\images\7\nav_ma_nav.gif --> montana.sigma6.net /www/worlddealer/images/7 nav_ma_nav.gif
99.08.26 18:40 B H:\worlddealer\images\7\nav_le_nav.gif --> montana.sigma6.net /www/worlddealer/images/7 nav_le_nav.gif
99.08.26 18:40 B H:\worlddealer\images\7\nav_de_nav.gif --> montana.sigma6.net /www/worlddealer/images/7 nav_de_nav.gif
99.08.26 18:40 B H:\worlddealer\images\7\nav_co_nav.gif --> montana.sigma6.net /www/worlddealer/images/7 nav_co_nav.gif
99.08.26 18:40 B H:\worlddealer\images\7\nav_ca_nav.gif --> montana.sigma6.net /www/worlddealer/images/7 nav_ca_nav.gif
99.08.26 18:40 B H:\worlddealer\images\7\nav_sh_nav.gif --> montana.sigma6.net /www/worlddealer/images/7 nav_sh_nav.gif
99.08.26 18:40 B H:\worlddealer\images\7\nav_qu_nav.gif --> montana.sigma6.net /www/worlddealer/images/7 nav_qu_nav.gif
99.08.26 18:40 B H:\worlddealer\images\7\nav_pr_nav.gif --> montana.sigma6.net /www/worlddealer/images/7 nav_pr_nav.gif
99.08.26 18:40 B H:\worlddealer\images\7\nav_fi_nav.gif --> montana.sigma6.net /www/worlddealer/images/7 nav_fi_nav.gif
99.10.27 15:13 B H:\worlddealer\images\7\se_appt_nav.gif --> montana.sigma6.net /www/worlddealer/images/7 se_appt_nav.gif
99.10.27 15:14 B H:\worlddealer\images\7\se_part_nav.gif --> montana.sigma6.net /www/worlddealer/images/7 se_part_nav.gif
99.11.04 11:30 B H:\worlddealer\images\7\icon.gif --> montana.sigma6.net /www/worlddealer/images/7 icon.gif
99.11.04 11:30 B H:\worlddealer\images\7\col_sp_dl_nav.gif --> montana.sigma6.net /www/worlddealer/images/7 col_sp_dl_nav.gif
99.11.04 11:30 B H:\worlddealer\images\7\sp_mtnroad.gif --> montana.sigma6.net /www/worlddealer/images/7 sp_mtnroad.gif
99.11.04 11:30 B H:\worlddealer\images\7\splashimage.gif --> montana.sigma6.net /www/worlddealer/images/7 splashimage.gif
99.11.04 11:30 B H:\worlddealer\images\7\col_sp_ve_nav.gif --> montana.sigma6.net /www/worlddealer/images/7 col_sp_ve_nav.gif
99.11.04 11:30 B H:\worlddealer\images\7\col_nav_noca_nav.gif --> montana.sigma6.net /www/worlddealer/images/7 col_nav_noca_nav.gif
99.11.04 11:30 B H:\worlddealer\images\7\nav_base_nav.gif --> montana.sigma6.net /www/worlddealer/images/7 nav_base_nav.gif
99.11.04 11:30 B H:\worlddealer\images\7\col_nav_base_nav.gif --> montana.sigma6.net /www/worlddealer/images/7 col_nav_base_nav.gif
99.11.04 11:30 B H:\worlddealer\images\7\col_nav_ve_nav.gif --> montana.sigma6.net /www/worlddealer/images/7 col_nav_ve_nav.gif
99.11.04 11:30 B H:\worlddealer\images\7\col_nav_le_nav.gif --> montana.sigma6.net /www/worlddealer/images/7 col_nav_le_nav.gif
99.11.04 11:30 B H:\worlddealer\images\7\col_nav_fi_nav.gif --> montana.sigma6.net /www/worlddealer/images/7 col_nav_fi_nav.gif
99.11.04 11:30 B H:\worlddealer\images\7\col_nav_dl_nav.gif --> montana.sigma6.net /www/worlddealer/images/7 col_nav_dl_nav.gif
99.11.04 11:30 B H:\worlddealer\images\7\col_nav_adv_nav.gif --> montana.sigma6.net /www/worlddealer/images/7 col_nav_adv_nav.gif
99.11.04 11:30 B H:\worlddealer\images\7\col_nav_sh_nav.gif --> montana.sigma6.net /www/worlddealer/images/7 col_nav_sh_nav.gif
99.11.04 11:30 B H:\worlddealer\images\7\col_nav_pr_nav.gif --> montana.sigma6.net /www/worlddealer/images/7 col_nav_pr_nav.gif
99.11.04 11:30 B H:\worlddealer\images\7\col_nav_ca_nav.gif --> montana.sigma6.net /www/worlddealer/images/7 col_nav_ca_nav.gif
