2000.09.20 14:38 B E:\worlddealer\templates\admin\Dlr\admin.css <-- neoa /home/aravji/worlddealer/templates/admin/Dlr admin.css
2000.09.20 14:38 B E:\worlddealer\templates\admin\Dlr\application.cfm <-- neoa /home/aravji/worlddealer/templates/admin/Dlr application.cfm
2000.09.20 14:38 B E:\worlddealer\templates\admin\Dlr\badlogin.htm <-- neoa /home/aravji/worlddealer/templates/admin/Dlr badlogin.htm
2000.09.20 14:38 B E:\worlddealer\templates\admin\Dlr\badmap.cfm <-- neoa /home/aravji/worlddealer/templates/admin/Dlr badmap.cfm
2000.09.20 14:38 B E:\worlddealer\templates\admin\Dlr\banner_redirect.cfm <-- neoa /home/aravji/worlddealer/templates/admin/Dlr banner_redirect.cfm
2000.09.20 14:38 B E:\worlddealer\templates\admin\Dlr\bugfixapplication.cfm <-- neoa /home/aravji/worlddealer/templates/admin/Dlr bugfixapplication.cfm
2000.09.20 14:38 B E:\worlddealer\templates\admin\Dlr\CF_WorldDealer.cfm <-- neoa /home/aravji/worlddealer/templates/admin/Dlr CF_WorldDealer.cfm
2000.09.20 14:38 B E:\worlddealer\templates\admin\Dlr\checkurl_redirect.cfm <-- neoa /home/aravji/worlddealer/templates/admin/Dlr checkurl_redirect.cfm
2000.09.20 14:38 B E:\worlddealer\templates\admin\Dlr\coupon_redirect.cfm <-- neoa /home/aravji/worlddealer/templates/admin/Dlr coupon_redirect.cfm
2000.09.20 14:38 B E:\worlddealer\templates\admin\Dlr\deletecollection.cfm <-- neoa /home/aravji/worlddealer/templates/admin/Dlr deletecollection.cfm
2000.09.20 14:38 B E:\worlddealer\templates\admin\Dlr\deletedealer.cfm <-- neoa /home/aravji/worlddealer/templates/admin/Dlr deletedealer.cfm
2000.09.20 14:38 B E:\worlddealer\templates\admin\Dlr\deletedealerkill.cfm <-- neoa /home/aravji/worlddealer/templates/admin/Dlr deletedealerkill.cfm
2000.09.20 14:38 B E:\worlddealer\templates\admin\Dlr\deletemanuf.cfm <-- neoa /home/aravji/worlddealer/templates/admin/Dlr deletemanuf.cfm
2000.09.20 14:38 B E:\worlddealer\templates\admin\Dlr\deleteNewModel.cfm <-- neoa /home/aravji/worlddealer/templates/admin/Dlr deleteNewModel.cfm
2000.09.20 14:38 B E:\worlddealer\templates\admin\Dlr\di_form_0.cfm <-- neoa /home/aravji/worlddealer/templates/admin/Dlr di_form_0.cfm
2000.09.20 14:38 B E:\worlddealer\templates\admin\Dlr\di_form_1.cfm <-- neoa /home/aravji/worlddealer/templates/admin/Dlr di_form_1.cfm
2000.09.20 14:38 B E:\worlddealer\templates\admin\Dlr\di_formproc_0.cfm <-- neoa /home/aravji/worlddealer/templates/admin/Dlr di_formproc_0.cfm
2000.09.20 14:38 B E:\worlddealer\templates\admin\Dlr\di_formproc_1.cfm <-- neoa /home/aravji/worlddealer/templates/admin/Dlr di_formproc_1.cfm
2000.09.20 14:38 B E:\worlddealer\templates\admin\Dlr\di_formproc_final.cfm <-- neoa /home/aravji/worlddealer/templates/admin/Dlr di_formproc_final.cfm
2000.09.20 14:38 B E:\worlddealer\templates\admin\Dlr\di_template.cfm <-- neoa /home/aravji/worlddealer/templates/admin/Dlr di_template.cfm
2000.09.20 14:38 B E:\worlddealer\templates\admin\Dlr\di_template2.cfm <-- neoa /home/aravji/worlddealer/templates/admin/Dlr di_template2.cfm
2000.09.20 14:38 B E:\worlddealer\templates\admin\Dlr\di_template3.cfm <-- neoa /home/aravji/worlddealer/templates/admin/Dlr di_template3.cfm
2000.09.20 14:38 B E:\worlddealer\templates\admin\Dlr\disclaimermaint.htm <-- neoa /home/aravji/worlddealer/templates/admin/Dlr disclaimermaint.htm
2000.09.20 14:38 B E:\worlddealer\templates\admin\Dlr\domain-template.htm <-- neoa /home/aravji/worlddealer/templates/admin/Dlr domain-template.htm
2000.09.20 14:38 B E:\worlddealer\templates\admin\Dlr\error.cfm <-- neoa /home/aravji/worlddealer/templates/admin/Dlr error.cfm
2000.09.20 14:38 B E:\worlddealer\templates\admin\Dlr\footer.cfm <-- neoa /home/aravji/worlddealer/templates/admin/Dlr footer.cfm
2000.09.20 14:38 B E:\worlddealer\templates\admin\Dlr\gen_exe.cfm <-- neoa /home/aravji/worlddealer/templates/admin/Dlr gen_exe.cfm
2000.09.20 14:38 B E:\worlddealer\templates\admin\Dlr\generate.cfm <-- neoa /home/aravji/worlddealer/templates/admin/Dlr generate.cfm
2000.09.20 14:38 B E:\worlddealer\templates\admin\Dlr\generate2.cfm <-- neoa /home/aravji/worlddealer/templates/admin/Dlr generate2.cfm
2000.09.20 14:38 B E:\worlddealer\templates\admin\Dlr\genexe-CFHTTP.cfm <-- neoa /home/aravji/worlddealer/templates/admin/Dlr genexe-CFHTTP.cfm
2000.09.20 14:38 B E:\worlddealer\templates\admin\Dlr\genexe.cfm <-- neoa /home/aravji/worlddealer/templates/admin/Dlr genexe.cfm
2000.09.20 14:38 B E:\worlddealer\templates\admin\Dlr\genexe2.cfm <-- neoa /home/aravji/worlddealer/templates/admin/Dlr genexe2.cfm
2000.09.20 14:38 B E:\worlddealer\templates\admin\Dlr\genexe_redirect.cfm <-- neoa /home/aravji/worlddealer/templates/admin/Dlr genexe_redirect.cfm
2000.09.20 14:38 B E:\worlddealer\templates\admin\Dlr\genmap.cfm <-- neoa /home/aravji/worlddealer/templates/admin/Dlr genmap.cfm
2000.09.20 14:38 B E:\worlddealer\templates\admin\Dlr\genmap_redirect.cfm <-- neoa /home/aravji/worlddealer/templates/admin/Dlr genmap_redirect.cfm
2000.09.20 14:38 B E:\worlddealer\templates\admin\Dlr\goodmap.cfm <-- neoa /home/aravji/worlddealer/templates/admin/Dlr goodmap.cfm
2000.09.20 14:38 B E:\worlddealer\templates\admin\Dlr\header.cfm <-- neoa /home/aravji/worlddealer/templates/admin/Dlr header.cfm
2000.09.20 14:38 B E:\worlddealer\templates\admin\Dlr\hml.cfm <-- neoa /home/aravji/worlddealer/templates/admin/Dlr hml.cfm
2000.09.20 14:38 B E:\worlddealer\templates\admin\Dlr\index.cfm <-- neoa /home/aravji/worlddealer/templates/admin/Dlr index.cfm
2000.09.20 14:38 B E:\worlddealer\templates\admin\Dlr\index.htm <-- neoa /home/aravji/worlddealer/templates/admin/Dlr index.htm
2000.09.20 14:38 B E:\worlddealer\templates\admin\Dlr\index2.cfm <-- neoa /home/aravji/worlddealer/templates/admin/Dlr index2.cfm
2000.09.20 14:38 B E:\worlddealer\templates\admin\Dlr\invalid.htm <-- neoa /home/aravji/worlddealer/templates/admin/Dlr invalid.htm
2000.09.20 14:38 B E:\worlddealer\templates\admin\Dlr\jscripttest.cfm <-- neoa /home/aravji/worlddealer/templates/admin/Dlr jscripttest.cfm
2000.09.20 14:38 B E:\worlddealer\templates\admin\Dlr\killcookie.cfm <-- neoa /home/aravji/worlddealer/templates/admin/Dlr killcookie.cfm
2000.09.20 14:38 B E:\worlddealer\templates\admin\Dlr\load.htm <-- neoa /home/aravji/worlddealer/templates/admin/Dlr load.htm
2000.09.20 14:38 B E:\worlddealer\templates\admin\Dlr\loadAC.cfm <-- neoa /home/aravji/worlddealer/templates/admin/Dlr loadAC.cfm
2000.09.20 14:38 B E:\worlddealer\templates\admin\Dlr\loadAC_s2.cfm <-- neoa /home/aravji/worlddealer/templates/admin/Dlr loadAC_s2.cfm
2000.09.20 14:38 B E:\worlddealer\templates\admin\Dlr\loadAC_s2a.cfm <-- neoa /home/aravji/worlddealer/templates/admin/Dlr loadAC_s2a.cfm
2000.09.20 14:38 B E:\worlddealer\templates\admin\Dlr\loadAC_s3.cfm <-- neoa /home/aravji/worlddealer/templates/admin/Dlr loadAC_s3.cfm
2000.09.20 14:38 B E:\worlddealer\templates\admin\Dlr\loadAC_s3a.cfm <-- neoa /home/aravji/worlddealer/templates/admin/Dlr loadAC_s3a.cfm
2000.09.20 14:38 B E:\worlddealer\templates\admin\Dlr\loadAC_s4.cfm <-- neoa /home/aravji/worlddealer/templates/admin/Dlr loadAC_s4.cfm
2000.09.20 14:38 B E:\worlddealer\templates\admin\Dlr\loadAC_s4a.cfm <-- neoa /home/aravji/worlddealer/templates/admin/Dlr loadAC_s4a.cfm
2000.09.20 14:38 B E:\worlddealer\templates\admin\Dlr\loadAE.cfm <-- neoa /home/aravji/worlddealer/templates/admin/Dlr loadAE.cfm
2000.09.20 14:38 B E:\worlddealer\templates\admin\Dlr\loadAE_s2.cfm <-- neoa /home/aravji/worlddealer/templates/admin/Dlr loadAE_s2.cfm
2000.09.20 14:38 B E:\worlddealer\templates\admin\Dlr\loadAE_s2a.cfm <-- neoa /home/aravji/worlddealer/templates/admin/Dlr loadAE_s2a.cfm
2000.09.20 14:38 B E:\worlddealer\templates\admin\Dlr\loadAE_s3.cfm <-- neoa /home/aravji/worlddealer/templates/admin/Dlr loadAE_s3.cfm
2000.09.20 14:38 B E:\worlddealer\templates\admin\Dlr\loadAE_s3a.cfm <-- neoa /home/aravji/worlddealer/templates/admin/Dlr loadAE_s3a.cfm
2000.09.20 14:38 B E:\worlddealer\templates\admin\Dlr\loadAE_s4.cfm <-- neoa /home/aravji/worlddealer/templates/admin/Dlr loadAE_s4.cfm
2000.09.20 14:38 B E:\worlddealer\templates\admin\Dlr\loadAE_s4a.cfm <-- neoa /home/aravji/worlddealer/templates/admin/Dlr loadAE_s4a.cfm
2000.09.20 14:38 B E:\worlddealer\templates\admin\Dlr\loadDA.cfm <-- neoa /home/aravji/worlddealer/templates/admin/Dlr loadDA.cfm
2000.09.20 14:38 B E:\worlddealer\templates\admin\Dlr\loadDA_dchoose.cfm <-- neoa /home/aravji/worlddealer/templates/admin/Dlr loadDA_dchoose.cfm
2000.09.20 14:38 B E:\worlddealer\templates\admin\Dlr\loadDA_dchoose2.cfm <-- neoa /home/aravji/worlddealer/templates/admin/Dlr loadDA_dchoose2.cfm
2000.09.20 14:38 B E:\worlddealer\templates\admin\Dlr\loadDA_s2.cfm <-- neoa /home/aravji/worlddealer/templates/admin/Dlr loadDA_s2.cfm
2000.09.20 14:38 B E:\worlddealer\templates\admin\Dlr\loadDA_s2a.cfm <-- neoa /home/aravji/worlddealer/templates/admin/Dlr loadDA_s2a.cfm
2000.09.20 14:38 B E:\worlddealer\templates\admin\Dlr\loadDA_s3.cfm <-- neoa /home/aravji/worlddealer/templates/admin/Dlr loadDA_s3.cfm
2000.09.20 14:38 B E:\worlddealer\templates\admin\Dlr\loadDA_s3a.cfm <-- neoa /home/aravji/worlddealer/templates/admin/Dlr loadDA_s3a.cfm
2000.09.20 14:38 B E:\worlddealer\templates\admin\Dlr\loadDA_s4.cfm <-- neoa /home/aravji/worlddealer/templates/admin/Dlr loadDA_s4.cfm
2000.09.20 14:38 B E:\worlddealer\templates\admin\Dlr\loadDA_s4a.cfm <-- neoa /home/aravji/worlddealer/templates/admin/Dlr loadDA_s4a.cfm
2000.09.20 14:38 B E:\worlddealer\templates\admin\Dlr\loadfind.cfm <-- neoa /home/aravji/worlddealer/templates/admin/Dlr loadfind.cfm
2000.09.20 14:38 B E:\worlddealer\templates\admin\Dlr\loadfind2.cfm <-- neoa /home/aravji/worlddealer/templates/admin/Dlr loadfind2.cfm
2000.09.20 14:38 B E:\worlddealer\templates\admin\Dlr\loadflow.cfm <-- neoa /home/aravji/worlddealer/templates/admin/Dlr loadflow.cfm
2000.09.20 14:38 B E:\worlddealer\templates\admin\Dlr\loadnew.cfm <-- neoa /home/aravji/worlddealer/templates/admin/Dlr loadnew.cfm
2000.09.20 14:38 B E:\worlddealer\templates\admin\Dlr\loadnew_s2.cfm <-- neoa /home/aravji/worlddealer/templates/admin/Dlr loadnew_s2.cfm
2000.09.20 14:38 B E:\worlddealer\templates\admin\Dlr\login.cfm <-- neoa /home/aravji/worlddealer/templates/admin/Dlr login.cfm
2000.09.20 14:38 B E:\worlddealer\templates\admin\Dlr\logonmain.cfm <-- neoa /home/aravji/worlddealer/templates/admin/Dlr logonmain.cfm
2000.09.20 14:38 B E:\worlddealer\templates\admin\Dlr\logons.cfm <-- neoa /home/aravji/worlddealer/templates/admin/Dlr logons.cfm
2000.09.20 14:38 B E:\worlddealer\templates\admin\Dlr\maintaincollection.cfm <-- neoa /home/aravji/worlddealer/templates/admin/Dlr maintaincollection.cfm
2000.09.20 14:38 B E:\worlddealer\templates\admin\Dlr\maintaincollection2.cfm <-- neoa /home/aravji/worlddealer/templates/admin/Dlr maintaincollection2.cfm
2000.09.20 14:38 B E:\worlddealer\templates\admin\Dlr\manufAdmin.cfm <-- neoa /home/aravji/worlddealer/templates/admin/Dlr manufAdmin.cfm
2000.09.20 14:38 B E:\worlddealer\templates\admin\Dlr\manufAdmin_add.cfm <-- neoa /home/aravji/worlddealer/templates/admin/Dlr manufAdmin_add.cfm
2000.09.20 14:38 B E:\worlddealer\templates\admin\Dlr\manufAdmin_del.cfm <-- neoa /home/aravji/worlddealer/templates/admin/Dlr manufAdmin_del.cfm
2000.09.20 14:38 B E:\worlddealer\templates\admin\Dlr\manufAdmin_edit.cfm <-- neoa /home/aravji/worlddealer/templates/admin/Dlr manufAdmin_edit.cfm
2000.09.20 14:38 B E:\worlddealer\templates\admin\Dlr\maperror.cfm <-- neoa /home/aravji/worlddealer/templates/admin/Dlr maperror.cfm
2000.09.20 14:38 B E:\worlddealer\templates\admin\Dlr\modelAdmin.cfm <-- neoa /home/aravji/worlddealer/templates/admin/Dlr modelAdmin.cfm
2000.09.20 14:38 B E:\worlddealer\templates\admin\Dlr\modelAdmin_add.cfm <-- neoa /home/aravji/worlddealer/templates/admin/Dlr modelAdmin_add.cfm
2000.09.20 14:38 B E:\worlddealer\templates\admin\Dlr\modelAdmin_del.cfm <-- neoa /home/aravji/worlddealer/templates/admin/Dlr modelAdmin_del.cfm
2000.09.20 14:38 B E:\worlddealer\templates\admin\Dlr\modelAdmin_edit.cfm <-- neoa /home/aravji/worlddealer/templates/admin/Dlr modelAdmin_edit.cfm
2000.09.20 14:38 B E:\worlddealer\templates\admin\Dlr\nationaloffers.cfm <-- neoa /home/aravji/worlddealer/templates/admin/Dlr nationaloffers.cfm
2000.09.20 14:38 B E:\worlddealer\templates\admin\Dlr\newModelAdmin.cfm <-- neoa /home/aravji/worlddealer/templates/admin/Dlr newModelAdmin.cfm
2000.09.20 14:38 B E:\worlddealer\templates\admin\Dlr\offer_disclaimer1.htm <-- neoa /home/aravji/worlddealer/templates/admin/Dlr offer_disclaimer1.htm
2000.09.20 14:38 B E:\worlddealer\templates\admin\Dlr\offer_disclaimer2.htm <-- neoa /home/aravji/worlddealer/templates/admin/Dlr offer_disclaimer2.htm
2000.09.20 14:38 B E:\worlddealer\templates\admin\Dlr\offerdealer.cfm <-- neoa /home/aravji/worlddealer/templates/admin/Dlr offerdealer.cfm
2000.09.20 14:38 B E:\worlddealer\templates\admin\Dlr\offermaint.cfm <-- neoa /home/aravji/worlddealer/templates/admin/Dlr offermaint.cfm
2000.09.20 14:38 B E:\worlddealer\templates\admin\Dlr\offermakes.cfm <-- neoa /home/aravji/worlddealer/templates/admin/Dlr offermakes.cfm
2000.09.20 14:38 B E:\worlddealer\templates\admin\Dlr\offermodels.cfm <-- neoa /home/aravji/worlddealer/templates/admin/Dlr offermodels.cfm
2000.09.20 14:38 B E:\worlddealer\templates\admin\Dlr\offerRegions_add.cfm <-- neoa /home/aravji/worlddealer/templates/admin/Dlr offerRegions_add.cfm
2000.09.20 14:38 B E:\worlddealer\templates\admin\Dlr\offerRegions_del.cfm <-- neoa /home/aravji/worlddealer/templates/admin/Dlr offerRegions_del.cfm
2000.09.20 14:38 B E:\worlddealer\templates\admin\Dlr\offerRegions_edit.cfm <-- neoa /home/aravji/worlddealer/templates/admin/Dlr offerRegions_edit.cfm
2000.09.20 14:38 B E:\worlddealer\templates\admin\Dlr\offertype.cfm <-- neoa /home/aravji/worlddealer/templates/admin/Dlr offertype.cfm
2000.09.20 14:38 B E:\worlddealer\templates\admin\Dlr\pr_deletemodel.cfm <-- neoa /home/aravji/worlddealer/templates/admin/Dlr pr_deletemodel.cfm
2000.09.20 14:38 B E:\worlddealer\templates\admin\Dlr\pr_modeladmin.cfm <-- neoa /home/aravji/worlddealer/templates/admin/Dlr pr_modeladmin.cfm
2000.09.20 14:38 B E:\worlddealer\templates\admin\Dlr\redirect.cfm <-- neoa /home/aravji/worlddealer/templates/admin/Dlr redirect.cfm
2000.09.20 14:38 B E:\worlddealer\templates\admin\Dlr\security.cfm <-- neoa /home/aravji/worlddealer/templates/admin/Dlr security.cfm
2000.09.20 14:38 B E:\worlddealer\templates\admin\Dlr\security0921.cfm <-- neoa /home/aravji/worlddealer/templates/admin/Dlr security0921.cfm
2000.09.20 14:38 B E:\worlddealer\templates\admin\Dlr\templatemaint.htm <-- neoa /home/aravji/worlddealer/templates/admin/Dlr templatemaint.htm
2000.09.20 14:38 B E:\worlddealer\templates\admin\Dlr\templatereport.cfm <-- neoa /home/aravji/worlddealer/templates/admin/Dlr templatereport.cfm
2000.09.20 14:38 B E:\worlddealer\templates\admin\Dlr\tmpmaint.cfm <-- neoa /home/aravji/worlddealer/templates/admin/Dlr tmpmaint.cfm
2000.09.20 14:39 B E:\worlddealer\templates\admin\Dlr\tmpmaint.htm <-- neoa /home/aravji/worlddealer/templates/admin/Dlr tmpmaint.htm
2000.09.20 14:39 B E:\worlddealer\templates\admin\Dlr\tmpmaint2.cfm <-- neoa /home/aravji/worlddealer/templates/admin/Dlr tmpmaint2.cfm
2000.09.20 14:39 B E:\worlddealer\templates\admin\Dlr\tmpmaint3.cfm <-- neoa /home/aravji/worlddealer/templates/admin/Dlr tmpmaint3.cfm
2000.09.20 14:39 B E:\worlddealer\templates\admin\Dlr\unavailable.cfm <-- neoa /home/aravji/worlddealer/templates/admin/Dlr unavailable.cfm
2000.09.20 14:39 B E:\worlddealer\templates\admin\Dlr\uploaderror.cfm <-- neoa /home/aravji/worlddealer/templates/admin/Dlr uploaderror.cfm
2000.09.20 14:39 B E:\worlddealer\templates\admin\Dlr\usedmaint.htm <-- neoa /home/aravji/worlddealer/templates/admin/Dlr usedmaint.htm
2000.09.20 14:39 B E:\worlddealer\templates\admin\Dlr\usedmaint2.htm <-- neoa /home/aravji/worlddealer/templates/admin/Dlr usedmaint2.htm
2000.09.20 14:39 B E:\worlddealer\templates\admin\Dlr\validerror.cfm <-- neoa /home/aravji/worlddealer/templates/admin/Dlr validerror.cfm
2000.09.20 14:39 B E:\worlddealer\templates\admin\Dlr\viewprint.cfm <-- neoa /home/aravji/worlddealer/templates/admin/Dlr viewprint.cfm
2000.09.20 14:39 B E:\worlddealer\templates\admin\Dlr\viewprint2.cfm <-- neoa /home/aravji/worlddealer/templates/admin/Dlr viewprint2.cfm
2000.09.20 14:39 B E:\worlddealer\templates\admin\Dlr\vpselect.cfm <-- neoa /home/aravji/worlddealer/templates/admin/Dlr vpselect.cfm
2000.09.20 14:39 B E:\worlddealer\templates\admin\Dlr\vpselect2.cfm <-- neoa /home/aravji/worlddealer/templates/admin/Dlr vpselect2.cfm
2000.09.20 14:39 B E:\worlddealer\templates\admin\Dlr\webactive.htm <-- neoa /home/aravji/worlddealer/templates/admin/Dlr webactive.htm
2000.09.20 14:39 B E:\worlddealer\templates\admin\Dlr\webdeact.htm <-- neoa /home/aravji/worlddealer/templates/admin/Dlr webdeact.htm
2000.09.20 14:39 B E:\worlddealer\templates\admin\Dlr\webfind.cfm <-- neoa /home/aravji/worlddealer/templates/admin/Dlr webfind.cfm
2000.09.20 14:39 B E:\worlddealer\templates\admin\Dlr\webfind2.cfm <-- neoa /home/aravji/worlddealer/templates/admin/Dlr webfind2.cfm
2000.09.20 14:39 B E:\worlddealer\templates\admin\Dlr\webnew-SAVE.cfm <-- neoa /home/aravji/worlddealer/templates/admin/Dlr webnew-SAVE.cfm
2000.09.20 14:39 B E:\worlddealer\templates\admin\Dlr\webnew.cfm <-- neoa /home/aravji/worlddealer/templates/admin/Dlr webnew.cfm
2000.09.20 14:39 B E:\worlddealer\templates\admin\Dlr\webnew_s10.cfm <-- neoa /home/aravji/worlddealer/templates/admin/Dlr webnew_s10.cfm
2000.09.20 14:39 B E:\worlddealer\templates\admin\Dlr\webnew_s11.cfm <-- neoa /home/aravji/worlddealer/templates/admin/Dlr webnew_s11.cfm
2000.09.20 14:39 B E:\worlddealer\templates\admin\Dlr\webnew_s12.cfm <-- neoa /home/aravji/worlddealer/templates/admin/Dlr webnew_s12.cfm
2000.09.20 14:39 B E:\worlddealer\templates\admin\Dlr\webnew_s2.cfm <-- neoa /home/aravji/worlddealer/templates/admin/Dlr webnew_s2.cfm
2000.09.20 14:39 B E:\worlddealer\templates\admin\Dlr\webnew_s3.cfm <-- neoa /home/aravji/worlddealer/templates/admin/Dlr webnew_s3.cfm
2000.09.20 14:39 B E:\worlddealer\templates\admin\Dlr\webnew_s4.cfm <-- neoa /home/aravji/worlddealer/templates/admin/Dlr webnew_s4.cfm
2000.09.20 14:39 B E:\worlddealer\templates\admin\Dlr\webnew_s5.cfm <-- neoa /home/aravji/worlddealer/templates/admin/Dlr webnew_s5.cfm
2000.09.20 14:39 B E:\worlddealer\templates\admin\Dlr\webnew_s6.cfm <-- neoa /home/aravji/worlddealer/templates/admin/Dlr webnew_s6.cfm
2000.09.20 14:39 B E:\worlddealer\templates\admin\Dlr\webnew_s6a.cfm <-- neoa /home/aravji/worlddealer/templates/admin/Dlr webnew_s6a.cfm
2000.09.20 14:39 B E:\worlddealer\templates\admin\Dlr\webnew_s6b.cfm <-- neoa /home/aravji/worlddealer/templates/admin/Dlr webnew_s6b.cfm
2000.09.20 14:39 B E:\worlddealer\templates\admin\Dlr\webnew_s6c.cfm <-- neoa /home/aravji/worlddealer/templates/admin/Dlr webnew_s6c.cfm
2000.09.20 14:39 B E:\worlddealer\templates\admin\Dlr\webnew_s7.cfm <-- neoa /home/aravji/worlddealer/templates/admin/Dlr webnew_s7.cfm
2000.09.20 14:39 B E:\worlddealer\templates\admin\Dlr\webnew_s8.cfm <-- neoa /home/aravji/worlddealer/templates/admin/Dlr webnew_s8.cfm
2000.09.20 14:39 B E:\worlddealer\templates\admin\Dlr\webnew_s8a.cfm <-- neoa /home/aravji/worlddealer/templates/admin/Dlr webnew_s8a.cfm
2000.09.20 14:39 B E:\worlddealer\templates\admin\Dlr\webnew_s8aa.cfm <-- neoa /home/aravji/worlddealer/templates/admin/Dlr webnew_s8aa.cfm
2000.09.20 14:39 B E:\worlddealer\templates\admin\Dlr\webnew_s8b.cfm <-- neoa /home/aravji/worlddealer/templates/admin/Dlr webnew_s8b.cfm
2000.09.20 14:39 B E:\worlddealer\templates\admin\Dlr\webnew_s8c.cfm <-- neoa /home/aravji/worlddealer/templates/admin/Dlr webnew_s8c.cfm
2000.09.20 14:39 B E:\worlddealer\templates\admin\Dlr\webnew_s8d.cfm <-- neoa /home/aravji/worlddealer/templates/admin/Dlr webnew_s8d.cfm
2000.09.20 14:39 B E:\worlddealer\templates\admin\Dlr\webnew_s9.cfm <-- neoa /home/aravji/worlddealer/templates/admin/Dlr webnew_s9.cfm
2000.09.20 14:39 B E:\worlddealer\templates\admin\Dlr\webstate.cfm <-- neoa /home/aravji/worlddealer/templates/admin/Dlr webstate.cfm
2000.09.20 14:39 B E:\worlddealer\templates\admin\Dlr\webstate.htm <-- neoa /home/aravji/worlddealer/templates/admin/Dlr webstate.htm
2000.09.20 14:39 B E:\worlddealer\templates\admin\Dlr\webstate2.cfm <-- neoa /home/aravji/worlddealer/templates/admin/Dlr webstate2.cfm
2000.09.20 14:39 B E:\worlddealer\templates\admin\Dlr\webstate3.cfm <-- neoa /home/aravji/worlddealer/templates/admin/Dlr webstate3.cfm
2000.09.20 14:39 B E:\worlddealer\templates\admin\Dlr\webstate4.cfm <-- neoa /home/aravji/worlddealer/templates/admin/Dlr webstate4.cfm
2000.09.20 14:39 B E:\worlddealer\templates\admin\Dlr\webvrfy.cfm <-- neoa /home/aravji/worlddealer/templates/admin/Dlr webvrfy.cfm
2000.09.20 14:39 B E:\worlddealer\templates\admin\Dlr\webvrfy_s10.cfm <-- neoa /home/aravji/worlddealer/templates/admin/Dlr webvrfy_s10.cfm
2000.09.20 14:39 B E:\worlddealer\templates\admin\Dlr\webvrfy_s11.cfm <-- neoa /home/aravji/worlddealer/templates/admin/Dlr webvrfy_s11.cfm
2000.09.20 14:39 B E:\worlddealer\templates\admin\Dlr\webvrfy_s12.cfm <-- neoa /home/aravji/worlddealer/templates/admin/Dlr webvrfy_s12.cfm
2000.09.20 14:39 B E:\worlddealer\templates\admin\Dlr\webvrfy_s12d.cfm <-- neoa /home/aravji/worlddealer/templates/admin/Dlr webvrfy_s12d.cfm
2000.09.20 14:39 B E:\worlddealer\templates\admin\Dlr\webvrfy_s2.cfm <-- neoa /home/aravji/worlddealer/templates/admin/Dlr webvrfy_s2.cfm
2000.09.20 14:39 B E:\worlddealer\templates\admin\Dlr\webvrfy_s3.cfm <-- neoa /home/aravji/worlddealer/templates/admin/Dlr webvrfy_s3.cfm
2000.09.20 14:39 B E:\worlddealer\templates\admin\Dlr\webvrfy_s3_action.cfm <-- neoa /home/aravji/worlddealer/templates/admin/Dlr webvrfy_s3_action.cfm
2000.09.20 14:39 B E:\worlddealer\templates\admin\Dlr\webvrfy_s4.cfm <-- neoa /home/aravji/worlddealer/templates/admin/Dlr webvrfy_s4.cfm
2000.09.20 14:39 B E:\worlddealer\templates\admin\Dlr\webvrfy_s5.cfm <-- neoa /home/aravji/worlddealer/templates/admin/Dlr webvrfy_s5.cfm
2000.09.20 14:39 B E:\worlddealer\templates\admin\Dlr\webvrfy_s6.cfm <-- neoa /home/aravji/worlddealer/templates/admin/Dlr webvrfy_s6.cfm
2000.09.20 14:39 B E:\worlddealer\templates\admin\Dlr\webvrfy_s6b.cfm <-- neoa /home/aravji/worlddealer/templates/admin/Dlr webvrfy_s6b.cfm
2000.09.20 14:39 B E:\worlddealer\templates\admin\Dlr\webvrfy_s7.cfm <-- neoa /home/aravji/worlddealer/templates/admin/Dlr webvrfy_s7.cfm
2000.09.20 14:39 B E:\worlddealer\templates\admin\Dlr\webvrfy_s8.cfm <-- neoa /home/aravji/worlddealer/templates/admin/Dlr webvrfy_s8.cfm
2000.09.20 14:39 B E:\worlddealer\templates\admin\Dlr\webvrfy_s9.cfm <-- neoa /home/aravji/worlddealer/templates/admin/Dlr webvrfy_s9.cfm
2000.09.20 14:39 B E:\worlddealer\templates\admin\Dlr\webvrfy_webcheck.cfm <-- neoa /home/aravji/worlddealer/templates/admin/Dlr webvrfy_webcheck.cfm
2000.09.20 14:39 B E:\worlddealer\templates\admin\Dlr\WorldDealer.cfm <-- neoa /home/aravji/worlddealer/templates/admin/Dlr WorldDealer.cfm
