99.05.19 18:51 B H:\worlddealer\images\2\bg.gif --> montana.sigma6.net /www/worlddealer/images/2 bg.gif
99.05.19 18:51 B H:\worlddealer\images\2\bg.jpg --> montana.sigma6.net /www/worlddealer/images/2 bg.jpg
99.05.19 18:51 B H:\worlddealer\images\2\col_nav_adv_nav.gif --> montana.sigma6.net /www/worlddealer/images/2 col_nav_adv_nav.gif
99.05.19 18:51 B H:\worlddealer\images\2\col_nav_ca_nav.gif --> montana.sigma6.net /www/worlddealer/images/2 col_nav_ca_nav.gif
99.05.19 18:51 B H:\worlddealer\images\2\col_nav_dl_nav.gif --> montana.sigma6.net /www/worlddealer/images/2 col_nav_dl_nav.gif
99.05.19 18:51 B H:\worlddealer\images\2\col_nav_fi_nav.gif --> montana.sigma6.net /www/worlddealer/images/2 col_nav_fi_nav.gif
99.05.19 18:51 B H:\worlddealer\images\2\col_nav_le_nav.gif --> montana.sigma6.net /www/worlddealer/images/2 col_nav_le_nav.gif
99.05.19 18:51 B H:\worlddealer\images\2\col_nav_noca_nav.gif --> montana.sigma6.net /www/worlddealer/images/2 col_nav_noca_nav.gif
99.05.19 18:51 B H:\worlddealer\images\2\Col_nav_pr_nav.gif --> montana.sigma6.net /www/worlddealer/images/2 Col_nav_pr_nav.gif
99.05.19 18:57 B H:\worlddealer\images\2\bg.gif --> montana.sigma6.net /www/worlddealer/images/2 bg.gif
99.05.19 18:57 B H:\worlddealer\images\2\bg.jpg --> montana.sigma6.net /www/worlddealer/images/2 bg.jpg
99.05.19 18:57 B H:\worlddealer\images\2\col_nav_adv_nav.gif --> montana.sigma6.net /www/worlddealer/images/2 col_nav_adv_nav.gif
99.05.19 18:58 B H:\worlddealer\images\2\col_nav_ca_nav.gif --> montana.sigma6.net /www/worlddealer/images/2 col_nav_ca_nav.gif
99.05.19 18:58 B H:\worlddealer\images\2\col_nav_dl_nav.gif --> montana.sigma6.net /www/worlddealer/images/2 col_nav_dl_nav.gif
99.05.19 18:58 B H:\worlddealer\images\2\col_nav_fi_nav.gif --> montana.sigma6.net /www/worlddealer/images/2 col_nav_fi_nav.gif
99.05.19 18:58 B H:\worlddealer\images\2\col_nav_le_nav.gif --> montana.sigma6.net /www/worlddealer/images/2 col_nav_le_nav.gif
99.05.19 18:58 B H:\worlddealer\images\2\col_nav_noca_nav.gif --> montana.sigma6.net /www/worlddealer/images/2 col_nav_noca_nav.gif
99.05.19 18:58 B H:\worlddealer\images\2\Col_nav_pr_nav.gif --> montana.sigma6.net /www/worlddealer/images/2 Col_nav_pr_nav.gif
99.05.19 18:58 B H:\worlddealer\images\2\col_nav_sh_nav.gif --> montana.sigma6.net /www/worlddealer/images/2 col_nav_sh_nav.gif
99.05.19 18:58 B H:\worlddealer\images\2\col_nav_ve_nav.gif --> montana.sigma6.net /www/worlddealer/images/2 col_nav_ve_nav.gif
99.05.19 18:58 B H:\worlddealer\images\2\col_sp_adv_nav.gif --> montana.sigma6.net /www/worlddealer/images/2 col_sp_adv_nav.gif
99.05.19 18:58 B H:\worlddealer\images\2\col_sp_bottom.gif --> montana.sigma6.net /www/worlddealer/images/2 col_sp_bottom.gif
99.05.19 18:58 B H:\worlddealer\images\2\col_sp_ca_nav.gif --> montana.sigma6.net /www/worlddealer/images/2 col_sp_ca_nav.gif
99.05.19 18:58 B H:\worlddealer\images\2\col_sp_dl_nav.gif --> montana.sigma6.net /www/worlddealer/images/2 col_sp_dl_nav.gif
99.05.19 18:58 B H:\worlddealer\images\2\col_sp_fi_nav.gif --> montana.sigma6.net /www/worlddealer/images/2 col_sp_fi_nav.gif
99.05.19 18:58 B H:\worlddealer\images\2\col_sp_filler1.gif --> montana.sigma6.net /www/worlddealer/images/2 col_sp_filler1.gif
99.05.19 18:58 B H:\worlddealer\images\2\col_sp_le_nav.gif --> montana.sigma6.net /www/worlddealer/images/2 col_sp_le_nav.gif
99.05.19 18:58 B H:\worlddealer\images\2\col_sp_logo.gif --> montana.sigma6.net /www/worlddealer/images/2 col_sp_logo.gif
99.05.19 18:58 B H:\worlddealer\images\2\col_sp_middle.gif --> montana.sigma6.net /www/worlddealer/images/2 col_sp_middle.gif
99.05.19 18:58 B H:\worlddealer\images\2\col_sp_sh_nav.gif --> montana.sigma6.net /www/worlddealer/images/2 col_sp_sh_nav.gif
99.05.19 18:58 B H:\worlddealer\images\2\col_sp_top.gif --> montana.sigma6.net /www/worlddealer/images/2 col_sp_top.gif
99.05.19 18:58 B H:\worlddealer\images\2\col_sp_ve_nav.gif --> montana.sigma6.net /www/worlddealer/images/2 col_sp_ve_nav.gif
99.05.19 18:58 B H:\worlddealer\images\2\dealer_coupon.gif --> montana.sigma6.net /www/worlddealer/images/2 dealer_coupon.gif
99.05.19 18:58 B H:\worlddealer\images\2\frm_back_nav.gif --> montana.sigma6.net /www/worlddealer/images/2 frm_back_nav.gif
99.05.19 18:58 B H:\worlddealer\images\2\frm_calculate_nav.gif --> montana.sigma6.net /www/worlddealer/images/2 frm_calculate_nav.gif
99.05.19 18:58 B H:\worlddealer\images\2\frm_next_nav.gif --> montana.sigma6.net /www/worlddealer/images/2 frm_next_nav.gif
99.05.19 18:58 B H:\worlddealer\images\2\frm_reset_nav.gif --> montana.sigma6.net /www/worlddealer/images/2 frm_reset_nav.gif
99.05.19 18:58 B H:\worlddealer\images\2\frm_submit_nav.gif --> montana.sigma6.net /www/worlddealer/images/2 frm_submit_nav.gif
99.05.19 18:58 B H:\worlddealer\images\2\map_zoomin_nav.gif --> montana.sigma6.net /www/worlddealer/images/2 map_zoomin_nav.gif
99.05.19 18:58 B H:\worlddealer\images\2\map_zoomout_nav.gif --> montana.sigma6.net /www/worlddealer/images/2 map_zoomout_nav.gif
99.05.19 18:58 B H:\worlddealer\images\2\nav_adv_nav.gif --> montana.sigma6.net /www/worlddealer/images/2 nav_adv_nav.gif
99.05.19 18:58 B H:\worlddealer\images\2\nav_back_nav.gif --> montana.sigma6.net /www/worlddealer/images/2 nav_back_nav.gif
99.05.19 18:58 B H:\worlddealer\images\2\nav_ca_nav.gif --> montana.sigma6.net /www/worlddealer/images/2 nav_ca_nav.gif
99.05.19 18:58 B H:\worlddealer\images\2\nav_calculate_nav.gif --> montana.sigma6.net /www/worlddealer/images/2 nav_calculate_nav.gif
99.05.19 18:58 B H:\worlddealer\images\2\nav_co_nav.gif --> montana.sigma6.net /www/worlddealer/images/2 nav_co_nav.gif
99.05.19 18:58 B H:\worlddealer\images\2\nav_de_dn_nav.gif --> montana.sigma6.net /www/worlddealer/images/2 nav_de_dn_nav.gif
99.05.19 18:58 B H:\worlddealer\images\2\nav_de_nav.gif --> montana.sigma6.net /www/worlddealer/images/2 nav_de_nav.gif
99.05.19 18:58 B H:\worlddealer\images\2\nav_dl_nav.gif --> montana.sigma6.net /www/worlddealer/images/2 nav_dl_nav.gif
99.05.19 18:58 B H:\worlddealer\images\2\nav_fi_nav.gif --> montana.sigma6.net /www/worlddealer/images/2 nav_fi_nav.gif
99.05.19 18:58 B H:\worlddealer\images\2\nav_getquote_nav.gif --> montana.sigma6.net /www/worlddealer/images/2 nav_getquote_nav.gif
99.05.19 18:58 B H:\worlddealer\images\2\nav_le_nav.gif --> montana.sigma6.net /www/worlddealer/images/2 nav_le_nav.gif
99.05.19 18:58 B H:\worlddealer\images\2\nav_logo_nav.gif --> montana.sigma6.net /www/worlddealer/images/2 nav_logo_nav.gif
99.05.19 18:58 B H:\worlddealer\images\2\nav_ma_nav.gif --> montana.sigma6.net /www/worlddealer/images/2 nav_ma_nav.gif
99.05.19 18:58 B H:\worlddealer\images\2\nav_next_nav.gif --> montana.sigma6.net /www/worlddealer/images/2 nav_next_nav.gif
99.05.19 18:58 B H:\worlddealer\images\2\nav_noca_nav.gif --> montana.sigma6.net /www/worlddealer/images/2 nav_noca_nav.gif
99.05.19 18:58 B H:\worlddealer\images\2\nav_pr_nav.gif --> montana.sigma6.net /www/worlddealer/images/2 nav_pr_nav.gif
99.05.19 18:58 B H:\worlddealer\images\2\nav_qu_nav.gif --> montana.sigma6.net /www/worlddealer/images/2 nav_qu_nav.gif
99.05.19 18:58 B H:\worlddealer\images\2\nav_reset_nav.gif --> montana.sigma6.net /www/worlddealer/images/2 nav_reset_nav.gif
99.05.19 18:58 B H:\worlddealer\images\2\nav_se_nav.gif --> montana.sigma6.net /www/worlddealer/images/2 nav_se_nav.gif
99.05.19 18:58 B H:\worlddealer\images\2\nav_sh_nav.gif --> montana.sigma6.net /www/worlddealer/images/2 nav_sh_nav.gif
99.05.19 18:58 B H:\worlddealer\images\2\nav_submit_nav.gif --> montana.sigma6.net /www/worlddealer/images/2 nav_submit_nav.gif
99.05.19 18:59 B H:\worlddealer\images\2\nav_ve_nav.gif --> montana.sigma6.net /www/worlddealer/images/2 nav_ve_nav.gif
99.05.19 18:59 B H:\worlddealer\images\2\se_appt_nav.gif --> montana.sigma6.net /www/worlddealer/images/2 se_appt_nav.gif
99.05.19 18:59 B H:\worlddealer\images\2\se_part_nav.gif --> montana.sigma6.net /www/worlddealer/images/2 se_part_nav.gif
99.05.19 18:59 B H:\worlddealer\images\2\service_coupon.gif --> montana.sigma6.net /www/worlddealer/images/2 service_coupon.gif
99.05.19 18:59 B H:\worlddealer\images\2\sp1.gif --> montana.sigma6.net /www/worlddealer/images/2 sp1.gif
99.05.19 18:59 B H:\worlddealer\images\2\sp2.gif --> montana.sigma6.net /www/worlddealer/images/2 sp2.gif
99.05.19 18:59 B H:\worlddealer\images\2\sp3.gif --> montana.sigma6.net /www/worlddealer/images/2 sp3.gif
99.05.19 18:59 B H:\worlddealer\images\2\sp4.gif --> montana.sigma6.net /www/worlddealer/images/2 sp4.gif
99.05.19 18:59 B H:\worlddealer\images\2\sp5.gif --> montana.sigma6.net /www/worlddealer/images/2 sp5.gif
99.05.19 18:59 B H:\worlddealer\images\2\sp6.gif --> montana.sigma6.net /www/worlddealer/images/2 sp6.gif
99.05.19 18:59 B H:\worlddealer\images\2\sp_adv_nav.gif --> montana.sigma6.net /www/worlddealer/images/2 sp_adv_nav.gif
99.05.19 18:59 B H:\worlddealer\images\2\sp_co_nav.gif --> montana.sigma6.net /www/worlddealer/images/2 sp_co_nav.gif
99.05.19 18:59 B H:\worlddealer\images\2\sp_de_nav.gif --> montana.sigma6.net /www/worlddealer/images/2 sp_de_nav.gif
99.05.19 18:59 B H:\worlddealer\images\2\sp_fin_nav.gif --> montana.sigma6.net /www/worlddealer/images/2 sp_fin_nav.gif
99.05.19 18:59 B H:\worlddealer\images\2\sp_le_nav.gif --> montana.sigma6.net /www/worlddealer/images/2 sp_le_nav.gif
99.05.19 18:59 B H:\worlddealer\images\2\sp_logo.gif --> montana.sigma6.net /www/worlddealer/images/2 sp_logo.gif
99.05.19 18:59 B H:\worlddealer\images\2\sp_logo_nav.gif --> montana.sigma6.net /www/worlddealer/images/2 sp_logo_nav.gif
99.05.19 18:59 B H:\worlddealer\images\2\sp_ma_nav.gif --> montana.sigma6.net /www/worlddealer/images/2 sp_ma_nav.gif
99.05.19 18:59 B H:\worlddealer\images\2\sp_pr_nav.gif --> montana.sigma6.net /www/worlddealer/images/2 sp_pr_nav.gif
99.05.19 18:59 B H:\worlddealer\images\2\sp_qu_nav.gif --> montana.sigma6.net /www/worlddealer/images/2 sp_qu_nav.gif
99.05.19 18:59 B H:\worlddealer\images\2\sp_se_nav.gif --> montana.sigma6.net /www/worlddealer/images/2 sp_se_nav.gif
