2000.09.20 13:58 B E:\worlddealer\admin\reports\admin_art.cfm <-- neoa /home/aravji/worlddealer/admin/reports admin_art.cfm
2000.09.20 13:58 B E:\worlddealer\admin\reports\admin_art_main.cfm <-- neoa /home/aravji/worlddealer/admin/reports admin_art_main.cfm
2000.09.20 13:58 B E:\worlddealer\admin\reports\admin_auto.cfm <-- neoa /home/aravji/worlddealer/admin/reports admin_auto.cfm
2000.09.20 13:58 B E:\worlddealer\admin\reports\admin_auto_main.cfm <-- neoa /home/aravji/worlddealer/admin/reports admin_auto_main.cfm
2000.09.20 13:58 B E:\worlddealer\admin\reports\admin_list.cfm <-- neoa /home/aravji/worlddealer/admin/reports admin_list.cfm
2000.09.20 13:58 B E:\worlddealer\admin\reports\admin_list_main.cfm <-- neoa /home/aravji/worlddealer/admin/reports admin_list_main.cfm
2000.09.20 13:58 B E:\worlddealer\admin\reports\admin_preowned.cfm <-- neoa /home/aravji/worlddealer/admin/reports admin_preowned.cfm
2000.09.20 13:58 B E:\worlddealer\admin\reports\admin_preowned_main.cfm <-- neoa /home/aravji/worlddealer/admin/reports admin_preowned_main.cfm
2000.09.20 13:58 B E:\worlddealer\admin\reports\incentives.cfm <-- neoa /home/aravji/worlddealer/admin/reports incentives.cfm
2000.09.20 13:58 B E:\worlddealer\admin\reports\incentives_main.cfm <-- neoa /home/aravji/worlddealer/admin/reports incentives_main.cfm
2000.09.20 13:58 B E:\worlddealer\admin\reports\index.cfm <-- neoa /home/aravji/worlddealer/admin/reports index.cfm
2000.09.20 13:58 B E:\worlddealer\admin\reports\index_main.cfm <-- neoa /home/aravji/worlddealer/admin/reports index_main.cfm
2000.09.20 13:58 B E:\worlddealer\admin\reports\jumpmenu.cfm <-- neoa /home/aravji/worlddealer/admin/reports jumpmenu.cfm
2000.09.20 13:58 B E:\worlddealer\admin\reports\jumpsequence.cfm <-- neoa /home/aravji/worlddealer/admin/reports jumpsequence.cfm
2000.09.20 13:58 B E:\worlddealer\admin\reports\leads.cfm <-- neoa /home/aravji/worlddealer/admin/reports leads.cfm
2000.09.20 13:58 B E:\worlddealer\admin\reports\leads_detail.cfm <-- neoa /home/aravji/worlddealer/admin/reports leads_detail.cfm
2000.09.20 13:58 B E:\worlddealer\admin\reports\leads_detail_main.cfm <-- neoa /home/aravji/worlddealer/admin/reports leads_detail_main.cfm
2000.09.20 13:58 B E:\worlddealer\admin\reports\leads_display.cfm <-- neoa /home/aravji/worlddealer/admin/reports leads_display.cfm
2000.09.20 13:58 B E:\worlddealer\admin\reports\leads_display_main.cfm <-- neoa /home/aravji/worlddealer/admin/reports leads_display_main.cfm
2000.09.20 13:58 B E:\worlddealer\admin\reports\leads_main.cfm <-- neoa /home/aravji/worlddealer/admin/reports leads_main.cfm
2000.09.20 13:58 B E:\worlddealer\admin\reports\leftnav.cfm <-- neoa /home/aravji/worlddealer/admin/reports leftnav.cfm
2000.09.20 13:58 B E:\worlddealer\admin\reports\select_dealer_main.cfm <-- neoa /home/aravji/worlddealer/admin/reports select_dealer_main.cfm
2000.09.20 13:58 B E:\worlddealer\admin\reports\titlebar.cfm <-- neoa /home/aravji/worlddealer/admin/reports titlebar.cfm
2000.09.20 13:58 B E:\worlddealer\admin\reports\traffic.cfm <-- neoa /home/aravji/worlddealer/admin/reports traffic.cfm
2000.09.20 13:58 B E:\worlddealer\admin\reports\traffic_main.cfm <-- neoa /home/aravji/worlddealer/admin/reports traffic_main.cfm
2000.09.20 13:58 B E:\worlddealer\admin\reports\traffic_report.cfm <-- neoa /home/aravji/worlddealer/admin/reports traffic_report.cfm
